{"E:\\Vue_NotJs\\青训营大项目\\reed-d\\components\\lib\\avatar\\src\\main.vue": {"path":"E:\\Vue_NotJs\\青训营大项目\\reed-d\\components\\lib\\avatar\\src\\main.vue","statementMap":{"0":{"start":{"line":5,"column":0},"end":{"line":7,"column":3}},"1":{"start":{"line":8,"column":12},"end":{"line":8,"column":26}},"2":{"start":{"line":9,"column":0},"end":{"line":91,"column":3}},"3":{"start":{"line":45,"column":13},"end":{"line":45,"column":18}},"4":{"start":{"line":46,"column":15},"end":{"line":46,"column":24}},"5":{"start":{"line":47,"column":13},"end":{"line":47,"column":20}},"6":{"start":{"line":48,"column":14},"end":{"line":48,"column":22}},"7":{"start":{"line":49,"column":16},"end":{"line":49,"column":26}},"8":{"start":{"line":50,"column":14},"end":{"line":50,"column":22}},"9":{"start":{"line":51,"column":11},"end":{"line":51,"column":16}},"10":{"start":{"line":52,"column":14},"end":{"line":52,"column":36}},"11":{"start":{"line":53,"column":21},"end":{"line":57,"column":6}},"12":{"start":{"line":54,"column":6},"end":{"line":56,"column":8}},"13":{"start":{"line":58,"column":21},"end":{"line":70,"column":6}},"14":{"start":{"line":59,"column":6},"end":{"line":69,"column":8}},"15":{"start":{"line":71,"column":18},"end":{"line":75,"column":6}},"16":{"start":{"line":72,"column":16},"end":{"line":72,"column":26}},"17":{"start":{"line":73,"column":6},"end":{"line":73,"column":68}},"18":{"start":{"line":73,"column":35},"end":{"line":73,"column":68}},"19":{"start":{"line":74,"column":6},"end":{"line":74,"column":17}},"20":{"start":{"line":76,"column":22},"end":{"line":82,"column":5}},"21":{"start":{"line":77,"column":6},"end":{"line":81,"column":7}},"22":{"start":{"line":78,"column":8},"end":{"line":78,"column":26}},"23":{"start":{"line":80,"column":8},"end":{"line":80,"column":31}},"24":{"start":{"line":83,"column":4},"end":{"line":89,"column":6}},"25":{"start":{"line":92,"column":0},"end":{"line":92,"column":13}},"26":{"start":{"line":93,"column":0},"end":{"line":93,"column":62}},"27":{"start":{"line":94,"column":0},"end":{"line":94,"column":24}},"28":{"start":{"line":95,"column":12},"end":{"line":95,"column":26}},"29":{"start":{"line":96,"column":17},"end":{"line":96,"column":31}},"30":{"start":{"line":98,"column":4},"end":{"line":120,"column":30}},"31":{"start":{"line":111,"column":35},"end":{"line":111,"column":37}},"32":{"start":{"line":112,"column":24},"end":{"line":114,"column":25}},"33":{"start":{"line":112,"column":38},"end":{"line":112,"column":39}},"34":{"start":{"line":113,"column":28},"end":{"line":113,"column":53}},"35":{"start":{"line":115,"column":24},"end":{"line":115,"column":88}},"36":{"start":{"line":122,"column":0},"end":{"line":122,"column":24}},"37":{"start":{"line":123,"column":1},"end":{"line":123,"column":48}}},"fnMap":{"0":{"name":"(anonymous_0)","decl":{"start":{"line":44,"column":9},"end":{"line":44,"column":10}},"loc":{"start":{"line":44,"column":26},"end":{"line":90,"column":3}},"line":44},"1":{"name":"(anonymous_1)","decl":{"start":{"line":53,"column":41},"end":{"line":53,"column":42}},"loc":{"start":{"line":53,"column":53},"end":{"line":57,"column":5}},"line":53},"2":{"name":"(anonymous_2)","decl":{"start":{"line":58,"column":41},"end":{"line":58,"column":42}},"loc":{"start":{"line":58,"column":53},"end":{"line":70,"column":5}},"line":58},"3":{"name":"(anonymous_3)","decl":{"start":{"line":71,"column":38},"end":{"line":71,"column":39}},"loc":{"start":{"line":71,"column":50},"end":{"line":75,"column":5}},"line":71},"4":{"name":"(anonymous_4)","decl":{"start":{"line":76,"column":22},"end":{"line":76,"column":23}},"loc":{"start":{"line":76,"column":34},"end":{"line":82,"column":5}},"line":76},"5":{"name":"render","decl":{"start":{"line":97,"column":9},"end":{"line":97,"column":15}},"loc":{"start":{"line":97,"column":30},"end":{"line":121,"column":1}},"line":97},"6":{"name":"(anonymous_6)","decl":{"start":{"line":110,"column":20},"end":{"line":110,"column":21}},"loc":{"start":{"line":110,"column":32},"end":{"line":116,"column":21}},"line":110}},"branchMap":{"0":{"loc":{"start":{"line":55,"column":22},"end":{"line":55,"column":57}},"type":"cond-expr","locations":[{"start":{"line":55,"column":43},"end":{"line":55,"column":48}},{"start":{"line":55,"column":51},"end":{"line":55,"column":57}}],"line":55},"1":{"loc":{"start":{"line":61,"column":16},"end":{"line":61,"column":52}},"type":"cond-expr","locations":[{"start":{"line":61,"column":26},"end":{"line":61,"column":47}},{"start":{"line":61,"column":50},"end":{"line":61,"column":52}}],"line":61},"2":{"loc":{"start":{"line":62,"column":19},"end":{"line":62,"column":49}},"type":"cond-expr","locations":[{"start":{"line":62,"column":27},"end":{"line":62,"column":44}},{"start":{"line":62,"column":47},"end":{"line":62,"column":49}}],"line":62},"3":{"loc":{"start":{"line":63,"column":22},"end":{"line":63,"column":57}},"type":"cond-expr","locations":[{"start":{"line":63,"column":43},"end":{"line":63,"column":48}},{"start":{"line":63,"column":51},"end":{"line":63,"column":57}}],"line":63},"4":{"loc":{"start":{"line":65,"column":15},"end":{"line":65,"column":49}},"type":"cond-expr","locations":[{"start":{"line":65,"column":32},"end":{"line":65,"column":39}},{"start":{"line":65,"column":42},"end":{"line":65,"column":49}}],"line":65},"5":{"loc":{"start":{"line":66,"column":15},"end":{"line":66,"column":67}},"type":"cond-expr","locations":[{"start":{"line":66,"column":41},"end":{"line":66,"column":62}},{"start":{"line":66,"column":65},"end":{"line":66,"column":67}}],"line":66},"6":{"loc":{"start":{"line":67,"column":16},"end":{"line":67,"column":68}},"type":"cond-expr","locations":[{"start":{"line":67,"column":42},"end":{"line":67,"column":63}},{"start":{"line":67,"column":66},"end":{"line":67,"column":68}}],"line":67},"7":{"loc":{"start":{"line":68,"column":20},"end":{"line":68,"column":72}},"type":"cond-expr","locations":[{"start":{"line":68,"column":46},"end":{"line":68,"column":67}},{"start":{"line":68,"column":70},"end":{"line":68,"column":72}}],"line":68},"8":{"loc":{"start":{"line":73,"column":6},"end":{"line":73,"column":68}},"type":"if","locations":[{"start":{"line":73,"column":6},"end":{"line":73,"column":68}},{"start":{},"end":{}}],"line":73},"9":{"loc":{"start":{"line":77,"column":6},"end":{"line":81,"column":7}},"type":"if","locations":[{"start":{"line":77,"column":6},"end":{"line":81,"column":7}},{"start":{"line":79,"column":13},"end":{"line":81,"column":7}}],"line":77},"10":{"loc":{"start":{"line":102,"column":8},"end":{"line":118,"column":57}},"type":"cond-expr","locations":[{"start":{"line":103,"column":15},"end":{"line":117,"column":71}},{"start":{"line":118,"column":14},"end":{"line":118,"column":57}}],"line":102},"11":{"loc":{"start":{"line":108,"column":25},"end":{"line":116,"column":22}},"type":"binary-expr","locations":[{"start":{"line":108,"column":25},"end":{"line":108,"column":34}},{"start":{"line":108,"column":39},"end":{"line":116,"column":21}}],"line":108},"12":{"loc":{"start":{"line":115,"column":32},"end":{"line":115,"column":86}},"type":"binary-expr","locations":[{"start":{"line":115,"column":32},"end":{"line":115,"column":48}},{"start":{"line":115,"column":52},"end":{"line":115,"column":86}}],"line":115}},"s":{"0":1,"1":1,"2":1,"3":2,"4":2,"5":2,"6":2,"7":2,"8":2,"9":2,"10":2,"11":2,"12":1,"13":2,"14":2,"15":2,"16":2,"17":2,"18":2,"19":2,"20":2,"21":0,"22":0,"23":0,"24":2,"25":1,"26":1,"27":1,"28":1,"29":1,"30":2,"31":0,"32":0,"33":0,"34":0,"35":0,"36":1,"37":1},"f":{"0":2,"1":1,"2":2,"3":2,"4":0,"5":2,"6":0},"b":{"0":[1,0],"1":[1,1],"2":[1,1],"3":[1,1],"4":[1,1],"5":[0,2],"6":[0,2],"7":[0,2],"8":[2,0],"9":[0,0],"10":[1,1],"11":[1,1],"12":[0,0]},"inputSourceMap":{"0":"{","1":"\"","2":"v","3":"e","4":"r","5":"s","6":"i","7":"o","8":"n","9":"\"","10":":","11":"3","12":",","13":"\"","14":"s","15":"o","16":"u","17":"r","18":"c","19":"e","20":"s","21":"\"","22":":","23":"[","24":"\"","25":"E","26":":","27":"\\","28":"\\","29":"V","30":"u","31":"e","32":"_","33":"N","34":"o","35":"t","36":"J","37":"s","38":"\\","39":"\\","40":"青","41":"训","42":"营","43":"大","44":"项","45":"目","46":"\\","47":"\\","48":"r","49":"e","50":"e","51":"d","52":"-","53":"d","54":"\\","55":"\\","56":"c","57":"o","58":"m","59":"p","60":"o","61":"n","62":"e","63":"n","64":"t","65":"s","66":"\\","67":"\\","68":"l","69":"i","70":"b","71":"\\","72":"\\","73":"a","74":"v","75":"a","76":"t","77":"a","78":"r","79":"\\","80":"\\","81":"s","82":"r","83":"c","84":"\\","85":"\\","86":"m","87":"a","88":"i","89":"n","90":".","91":"v","92":"u","93":"e","94":"\"","95":"]","96":",","97":"\"","98":"n","99":"a","100":"m","101":"e","102":"s","103":"\"","104":":","105":"[","106":"]","107":",","108":"\"","109":"m","110":"a","111":"p","112":"p","113":"i","114":"n","115":"g","116":"s","117":"\"","118":":","119":"\"","120":";","121":";","122":";","123":";","124":";","125":";","126":";","127":"A","128":"A","129":"O","130":"A","131":";","132":"A","133":"A","134":"I","135":"A","136":",","137":"k","138":"B","139":"A","140":"A","141":"e","142":",","143":"y","144":"B","145":"A","146":"A","147":"e","148":",","149":"E","150":"A","151":"A","152":"C","153":";","154":"E","155":"A","156":"C","157":"3","158":"B","159":",","160":"I","161":"A","162":"A","163":"I","164":",","165":"E","166":"A","167":"A","168":"E","169":",","170":"W","171":"A","172":"A","173":"W","174":";","175":"E","176":"A","177":"C","178":"j","179":"B","180":",","181":"K","182":"A","183":"A","184":"K","185":",","186":"E","187":"A","188":"A","189":"E","190":";","191":"I","192":"A","193":"C","194":"H","195":",","196":"G","197":"A","198":"A","199":"G","200":",","201":"E","202":"A","203":"A","204":"E","205":";","206":"M","207":"A","208":"C","209":"D","210":",","211":"I","212":"A","213":"A","214":"I","215":",","216":"E","217":"A","218":"A","219":"E","220":",","221":"M","222":"A","223":"A","224":"0","225":"B","226":";","227":"M","228":"A","229":"C","230":"h","231":"C","232":",","233":"O","234":"A","235":"A","236":"O","237":",","238":"E","239":"A","240":"A","241":"E","242":";","243":"K","244":"A","245":"C","246":"Z","247":";","248":"I","249":"A","250":"C","251":"D","252":",","253":"I","254":"A","255":"A","256":"I","257":",","258":"E","259":"A","260":"A","261":"E","262":";","263":"M","264":"A","265":"C","266":"F","267":",","268":"I","269":"A","270":"A","271":"I","272":",","273":"E","274":"A","275":"A","276":"E","277":",","278":"C","279":"A","280":"A","281":"C","282":",","283":"M","284":"A","285":"A","286":"M","287":",","288":"E","289":"A","290":"A","291":"C","292":",","293":"M","294":"A","295":"A","296":"M","297":",","298":"C","299":"A","300":"A","301":"m","302":"B","303":";","304":"M","305":"A","306":"C","307":"v","308":"C","309":",","310":"O","311":"A","312":"A","313":"O","314":",","315":"E","316":"A","317":"A","318":"E","319":";","320":"K","321":"A","322":"C","323":"Z","324":";","325":"I","326":"A","327":"C","328":"D","329":",","330":"K","331":"A","332":"A","333":"K","334":",","335":"E","336":"A","337":"A","338":"E","339":";","340":"M","341":"A","342":"C","343":"H","344":",","345":"I","346":"A","347":"A","348":"I","349":",","350":"E","351":"A","352":"A","353":"E","354":",","355":"M","356":"A","357":"A","358":"y","359":"B","360":";","361":"M","362":"A","363":"C","364":"/","365":"B","366":",","367":"O","368":"A","369":"A","370":"O","371":",","372":"E","373":"A","374":"A","375":"E","376":";","377":"K","378":"A","379":"C","380":"Z","381":";","382":"I","383":"A","384":"C","385":"D","386":",","387":"M","388":"A","389":"A","390":"M","391":",","392":"E","393":"A","394":"A","395":"E","396":";","397":"M","398":"A","399":"C","400":"J","401":",","402":"I","403":"A","404":"A","405":"I","406":",","407":"E","408":"A","409":"A","410":"E","411":",","412":"M","413":"A","414":"A","415":"M","416":";","417":"M","418":"A","419":"C","420":"Z","421":",","422":"O","423":"A","424":"A","425":"O","426":",","427":"E","428":"A","429":"A","430":"E","431":";","432":"K","433":"A","434":"C","435":"Z","436":";","437":"I","438":"A","439":"C","440":"D","441":",","442":"O","443":"A","444":"A","445":"O","446":",","447":"E","448":"A","449":"A","450":"E","451":";","452":"M","453":"A","454":"C","455":"L","456":",","457":"I","458":"A","459":"A","460":"I","461":",","462":"E","463":"A","464":"A","465":"E","466":",","467":"M","468":"A","469":"A","470":"M","471":";","472":"M","473":"A","474":"C","475":"Z","476":",","477":"O","478":"A","479":"A","480":"O","481":",","482":"E","483":"A","484":"A","485":"E","486":";","487":"K","488":"A","489":"C","490":"Z","491":";","492":"I","493":"A","494":"C","495":"D","496":",","497":"K","498":"A","499":"A","500":"K","501":",","502":"E","503":"A","504":"A","505":"E","506":";","507":"M","508":"A","509":"C","510":"H","511":",","512":"I","513":"A","514":"A","515":"I","516":",","517":"E","518":"A","519":"A","520":"E","521":",","522":"O","523":"A","524":"A","525":"O","526":";","527":"M","528":"A","529":"C","530":"b","531":",","532":"O","533":"A","534":"A","535":"O","536":",","537":"E","538":"A","539":"A","540":"E","541":";","542":"K","543":"A","544":"C","545":"Z","546":";","547":"I","548":"A","549":"C","550":"D","551":",","552":"E","553":"A","554":"A","555":"E","556":",","557":"E","558":"A","559":"A","560":"E","561":";","562":"M","563":"A","564":"C","565":"A","566":",","567":"I","568":"A","569":"A","570":"I","571":",","572":"E","573":"A","574":"A","575":"E","576":",","577":"M","578":"A","579":"A","580":"M","581":";","582":"M","583":"A","584":"C","585":"Z","586":",","587":"O","588":"A","589":"A","590":"O","591":",","592":"E","593":"A","594":"A","595":"E","596":";","597":"K","598":"A","599":"C","600":"Z","601":";","602":"I","603":"A","604":"C","605":"D","606":",","607":"S","608":"A","609":"A","610":"S","611":",","612":"E","613":"A","614":"A","615":"E","616":";","617":"M","618":"A","619":"C","620":"P","621":",","622":"I","623":"A","624":"A","625":"I","626":",","627":"E","628":"A","629":"A","630":"C","631":";","632":";","633":"G","634":"A","635":"E","636":"Z","637":";","638":"E","639":"A","640":"C","641":"D","642":",","643":"K","644":"A","645":"A","646":"K","647":",","648":"E","649":"A","650":"A","651":"L","652":",","653":"U","654":"A","655":"A","656":"M","657":",","658":"K","659":"A","660":"A","661":"K","662":";","663":"I","664":"A","665":"C","666":"D","667":",","668":"S","669":"A","670":"A","671":"w","672":"C","673":",","674":"K","675":"A","676":"A","677":"M","678":";","679":"M","680":"A","681":"A","682":"7","683":"C","684":",","685":"M","686":"A","687":"A","688":"M","689":";","690":"M","691":"A","692":"A","693":"C","694":",","695":"I","696":"A","697":"A","698":"I","699":";","700":"M","701":"A","702":"A","703":"C","704":",","705":"K","706":"A","707":"A","708":"K","709":";","710":"M","711":"A","712":"A","713":"C","714":",","715":"O","716":"A","717":"A","718":"O","719":";","720":"M","721":"A","722":"A","723":"C","724":",","725":"K","726":"A","727":"A","728":"K","729":";","730":"M","731":"A","732":"A","733":"C","734":",","735":"E","736":"A","737":"A","738":"E","739":",","740":"Q","741":"A","742":"A","743":"W","744":";","745":"I","746":"A","747":"C","748":"p","749":"D","750":",","751":"I","752":"A","753":"A","754":"M","755":",","756":"G","757":"A","758":"A","759":"G","760":",","761":"G","762":"A","763":"A","764":"G","765":",","766":"a","767":"A","768":"A","769":"G","770":",","771":"E","772":"A","773":"A","774":"m","775":"B","776":",","777":"M","778":"A","779":"A","780":"M","781":",","782":"C","783":"A","784":"A","785":"C","786":";","787":"I","788":"A","789":"C","790":"z","791":"C","792":",","793":"I","794":"A","795":"A","796":"M","797":",","798":"U","799":"A","800":"A","801":"U","802":",","803":"G","804":"A","805":"A","806":"G","807":",","808":"k","809":"B","810":"A","811":"A","812":"Q","813":",","814":"E","815":"A","816":"A","817":"C","818":";","819":"M","820":"A","821":"A","822":"M","823":",","824":"O","825":"A","826":"A","827":"C","828":";","829":"Q","830":"A","831":"C","832":"l","833":"C","834":",","835":"Y","836":"A","837":"A","838":"Y","839":",","840":"E","841":"A","842":"A","843":"E","844":",","845":"K","846":"A","847":"A","848":"K","849":",","850":"K","851":"A","852":"A","853":"K","854":",","855":"Q","856":"A","857":"A","858":"Q","859":",","860":"G","861":"A","862":"A","863":"E","864":",","865":"K","866":"A","867":"A","868":"K","869":",","870":"G","871":"A","872":"A","873":"C","874":";","875":"O","876":"A","877":"C","878":"x","879":"C","880":";","881":"I","882":"A","883":"F","884":"i","885":"C","886":",","887":"C","888":"A","889":"E","890":"h","891":"C","892":",","893":"C","894":"A","895":"A","896":"C","897":";","898":"I","899":"A","900":"C","901":"H","902":",","903":"I","904":"A","905":"A","906":"M","907":",","908":"U","909":"A","910":"A","911":"U","912":",","913":"G","914":"A","915":"A","916":"G","917":",","918":"k","919":"B","920":"A","921":"A","922":"Q","923":",","924":"E","925":"A","926":"A","927":"C","928":";","929":"M","930":"A","931":"A","932":"M","933":",","934":"O","935":"A","936":"A","937":"C","938":";","939":"Q","940":"A","941":"C","942":"/","943":"B","944":",","945":"O","946":"A","947":"A","948":"O","949":",","950":"E","951":"A","952":"A","953":"E","954":",","955":"U","956":"A","957":"A","958":"G","959":",","960":"O","961":"A","962":"A","963":"O","964":",","965":"O","966":"A","967":"A","968":"I","969":";","970":"Q","971":"A","972":"C","973":"v","974":"B","975":",","976":"M","977":"A","978":"A","979":"M","980":",","981":"E","982":"A","983":"A","984":"E","985":",","986":"O","987":"A","988":"A","989":"O","990":",","991":"G","992":"A","993":"A","994":"E","995":",","996":"q","997":"B","998":"A","999":"A","1000":"q","1001":"B","1002":",","1003":"G","1004":"A","1005":"A","1006":"C","1007":",","1008":"E","1009":"A","1010":"A","1011":"E","1012":";","1013":"Q","1014":"A","1015":"C","1016":"z","1017":"C","1018":",","1019":"S","1020":"A","1021":"A","1022":"S","1023":",","1024":"E","1025":"A","1026":"A","1027":"E","1028":",","1029":"K","1030":"A","1031":"A","1032":"K","1033":",","1034":"G","1035":"A","1036":"A","1037":"C","1038":",","1039":"i","1040":"B","1041":"A","1042":"A","1043":"i","1044":"B","1045":",","1046":"G","1047":"A","1048":"A","1049":"C","1050":",","1051":"E","1052":"A","1053":"A","1054":"E","1055":";","1056":"Q","1057":"A","1058":"C","1059":"r","1060":"C","1061":",","1062":"Y","1063":"A","1064":"A","1065":"Y","1066":",","1067":"E","1068":"A","1069":"A","1070":"E","1071":",","1072":"K","1073":"A","1074":"A","1075":"K","1076":",","1077":"K","1078":"A","1079":"A","1080":"K","1081":",","1082":"Q","1083":"A","1084":"A","1085":"Q","1086":",","1087":"G","1088":"A","1089":"A","1090":"E","1091":",","1092":"K","1093":"A","1094":"A","1095":"K","1096":",","1097":"G","1098":"A","1099":"A","1100":"C","1101":",","1102":"M","1103":"A","1104":"A","1105":"M","1106":";","1107":"Q","1108":"A","1109":"C","1110":"9","1111":"C","1112":",","1113":"e","1114":"A","1115":"A","1116":"e","1117":",","1118":"E","1119":"A","1120":"A","1121":"E","1122":",","1123":"E","1124":"A","1125":"A","1126":"E","1127":";","1128":"Q","1129":"A","1130":"C","1131":"n","1132":"B","1133":",","1134":"K","1135":"A","1136":"A","1137":"K","1138":",","1139":"E","1140":"A","1141":"A","1142":"E","1143":",","1144":"E","1145":"A","1146":"A","1147":"E","1148":",","1149":"K","1150":"A","1151":"A","1152":"K","1153":",","1154":"O","1155":"A","1156":"A","1157":"O","1158":",","1159":"G","1160":"A","1161":"A","1162":"E","1163":",","1164":"O","1165":"A","1166":"A","1167":"O","1168":",","1169":"G","1170":"A","1171":"A","1172":"C","1173":",","1174":"O","1175":"A","1176":"A","1177":"O","1178":";","1179":"Q","1180":"A","1181":"C","1182":"t","1183":"C","1184":",","1185":"K","1186":"A","1187":"A","1188":"K","1189":",","1190":"E","1191":"A","1192":"A","1193":"E","1194":",","1195":"O","1196":"A","1197":"A","1198":"O","1199":",","1200":"I","1201":"A","1202":"A","1203":"I","1204":",","1205":"I","1206":"A","1207":"A","1208":"E","1209":",","1210":"Q","1211":"A","1212":"A","1213":"Q","1214":",","1215":"G","1216":"A","1217":"A","1218":"G","1219":",","1220":"U","1221":"A","1222":"A","1223":"G","1224":",","1225":"I","1226":"A","1227":"A","1228":"I","1229":",","1230":"O","1231":"A","1232":"A","1233":"I","1234":",","1235":"G","1236":"A","1237":"A","1238":"C","1239":",","1240":"E","1241":"A","1242":"A","1243":"E","1244":";","1245":"Q","1246":"A","1247":"C","1248":"7","1249":"C","1250":",","1251":"M","1252":"A","1253":"A","1254":"M","1255":",","1256":"E","1257":"A","1258":"A","1259":"E","1260":",","1261":"O","1262":"A","1263":"A","1264":"O","1265":",","1266":"I","1267":"A","1268":"A","1269":"I","1270":",","1271":"I","1272":"A","1273":"A","1274":"E","1275":",","1276":"Q","1277":"A","1278":"A","1279":"Q","1280":",","1281":"G","1282":"A","1283":"A","1284":"E","1285":",","1286":"U","1287":"A","1288":"A","1289":"G","1290":",","1291":"I","1292":"A","1293":"A","1294":"I","1295":",","1296":"O","1297":"A","1298":"A","1299":"I","1300":",","1301":"G","1302":"A","1303":"A","1304":"C","1305":",","1306":"E","1307":"A","1308":"A","1309":"E","1310":";","1311":"Q","1312":"A","1313":"C","1314":"7","1315":"C","1316":",","1317":"U","1318":"A","1319":"A","1320":"U","1321":",","1322":"E","1323":"A","1324":"A","1325":"E","1326":",","1327":"O","1328":"A","1329":"A","1330":"O","1331":",","1332":"I","1333":"A","1334":"A","1335":"I","1336":",","1337":"I","1338":"A","1339":"A","1340":"E","1341":",","1342":"Q","1343":"A","1344":"A","1345":"Q","1346":",","1347":"G","1348":"A","1349":"A","1350":"E","1351":",","1352":"U","1353":"A","1354":"A","1355":"G","1356":",","1357":"I","1358":"A","1359":"A","1360":"I","1361":",","1362":"O","1363":"A","1364":"A","1365":"I","1366":",","1367":"G","1368":"A","1369":"A","1370":"C","1371":";","1372":"O","1373":"A","1374":"C","1375":"l","1376":"D","1377":";","1378":"I","1379":"A","1380":"V","1381":"i","1382":"C","1383":",","1384":"C","1385":"A","1386":"U","1387":"h","1388":"C","1389":",","1390":"C","1391":"A","1392":"A","1393":"C","1394":";","1395":"I","1396":"A","1397":"C","1398":"H","1399":",","1400":"I","1401":"A","1402":"A","1403":"M","1404":",","1405":"O","1406":"A","1407":"A","1408":"O","1409":",","1410":"G","1411":"A","1412":"A","1413":"G","1414":",","1415":"k","1416":"B","1417":"A","1418":"A","1419":"Q","1420":",","1421":"E","1422":"A","1423":"A","1424":"C","1425":";","1426":"M","1427":"A","1428":"C","1429":"r","1430":"B","1431":",","1432":"I","1433":"A","1434":"A","1435":"I","1436":",","1437":"G","1438":"A","1439":"A","1440":"G","1441":",","1442":"G","1443":"A","1444":"A","1445":"G","1446":",","1447":"C","1448":"A","1449":"A","1450":"C","1451":",","1452":"Q","1453":"A","1454":"A","1455":"Q","1456":",","1457":"C","1458":"A","1459":"A","1460":"C","1461":";","1462":"M","1463":"A","1464":"C","1465":"p","1466":"B","1467":",","1468":"I","1469":"A","1470":"A","1471":"G","1472":",","1473":"O","1474":"A","1475":"A","1476":"O","1477":",","1478":"I","1479":"A","1480":"A","1481":"I","1482":",","1483":"I","1484":"A","1485":"A","1486":"G","1487":",","1488":"Q","1489":"A","1490":"A","1491":"Q","1492":",","1493":"E","1494":"A","1495":"C","1496":"r","1497":"B","1498":",","1499":"G","1500":"A","1501":"A","1502":"G","1503":",","1504":"C","1505":"A","1506":"A","1507":"C","1508":",","1509":"I","1510":"A","1511":"A","1512":"I","1513":",","1514":"C","1515":"A","1516":"A","1517":"C","1518":",","1519":"i","1520":"B","1521":"A","1522":"A","1523":"U","1524":",","1525":"I","1526":"A","1527":"A","1528":"I","1529":",","1530":"C","1531":"A","1532":"A","1533":"E","1534":",","1535":"C","1536":"A","1537":"A","1538":"C","1539":";","1540":"M","1541":"A","1542":"C","1543":"9","1544":"B","1545":",","1546":"O","1547":"A","1548":"A","1549":"O","1550":",","1551":"G","1552":"A","1553":"A","1554":"G","1555":";","1556":"I","1557":"A","1558":"C","1559":"d","1560":",","1561":"C","1562":"A","1563":"A","1564":"C","1565":",","1566":"C","1567":"A","1568":"A","1569":"C","1570":";","1571":"I","1572":"A","1573":"C","1574":"F","1575":",","1576":"I","1577":"A","1578":"A","1579":"M","1580":",","1581":"W","1582":"A","1583":"A","1584":"W","1585":",","1586":"G","1587":"A","1588":"A","1589":"G","1590":";","1591":"M","1592":"A","1593":"C","1594":"h","1595":"B","1596":",","1597":"I","1598":"A","1599":"A","1600":"G","1601":",","1602":"K","1603":"A","1604":"A","1605":"K","1606":",","1607":"C","1608":"A","1609":"A","1610":"C","1611":",","1612":"S","1613":"A","1614":"A","1615":"S","1616":",","1617":"E","1618":"A","1619":"A","1620":"C","1621":";","1622":"Q","1623":"A","1624":"C","1625":"f","1626":",","1627":"K","1628":"A","1629":"A","1630":"K","1631":",","1632":"C","1633":"A","1634":"A","1635":"C","1636":",","1637":"S","1638":"A","1639":"A","1640":"S","1641":",","1642":"E","1643":"A","1644":"A","1645":"E","1646":";","1647":"O","1648":"A","1649":"C","1650":"p","1651":"B","1652":",","1653":"M","1654":"A","1655":"A","1656":"I","1657":";","1658":"Q","1659":"A","1660":"C","1661":"D","1662":",","1663":"O","1664":"A","1665":"A","1666":"O","1667":",","1668":"C","1669":"A","1670":"A","1671":"C","1672":",","1673":"G","1674":"A","1675":"A","1676":"G","1677":",","1678":"C","1679":"A","1680":"A","1681":"C","1682":",","1683":"S","1684":"A","1685":"A","1686":"S","1687":",","1688":"C","1689":"A","1690":"A","1691":"C","1692":";","1693":";","1694":"I","1695":"A","1696":"E","1697":"9","1698":"B","1699":",","1700":"C","1701":"A","1702":"A","1703":"C","1704":";","1705":"I","1706":"A","1707":"C","1708":"D","1709":",","1710":"O","1711":"A","1712":"A","1713":"O","1714":";","1715":"M","1716":"A","1717":"C","1718":"H","1719":",","1720":"G","1721":"A","1722":"A","1723":"G","1724":";","1725":"M","1726":"A","1727":"C","1728":"H","1729":",","1730":"U","1731":"A","1732":"A","1733":"U","1734":";","1735":"M","1736":"A","1737":"C","1738":"V","1739":",","1740":"U","1741":"A","1742":"A","1743":"U","1744":";","1745":"M","1746":"A","1747":"C","1748":"V","1749":",","1750":"O","1751":"A","1752":"A","1753":"O","1754":";","1755":"M","1756":"A","1757":"C","1758":"P","1759":",","1760":"W","1761":"A","1762":"A","1763":"W","1764":";","1765":"K","1766":"A","1767":"C","1768":"d","1769":";","1770":"E","1771":"A","1772":"C","1773":"L","1774":";","1775":"C","1776":"A","1777":"C","1778":"H","1779":",","1780":"C","1781":"A","1782":"A","1783":"C","1784":"\"","1785":",","1786":"\"","1787":"f","1788":"i","1789":"l","1790":"e","1791":"\"","1792":":","1793":"\"","1794":"E","1795":":","1796":"\\","1797":"\\","1798":"V","1799":"u","1800":"e","1801":"_","1802":"N","1803":"o","1804":"t","1805":"J","1806":"s","1807":"\\","1808":"\\","1809":"青","1810":"训","1811":"营","1812":"大","1813":"项","1814":"目","1815":"\\","1816":"\\","1817":"r","1818":"e","1819":"e","1820":"d","1821":"-","1822":"d","1823":"\\","1824":"\\","1825":"c","1826":"o","1827":"m","1828":"p","1829":"o","1830":"n","1831":"e","1832":"n","1833":"t","1834":"s","1835":"\\","1836":"\\","1837":"l","1838":"i","1839":"b","1840":"\\","1841":"\\","1842":"a","1843":"v","1844":"a","1845":"t","1846":"a","1847":"r","1848":"\\","1849":"\\","1850":"s","1851":"r","1852":"c","1853":"\\","1854":"\\","1855":"m","1856":"a","1857":"i","1858":"n","1859":".","1860":"v","1861":"u","1862":"e","1863":"\"","1864":",","1865":"\"","1866":"s","1867":"o","1868":"u","1869":"r","1870":"c","1871":"e","1872":"s","1873":"C","1874":"o","1875":"n","1876":"t","1877":"e","1878":"n","1879":"t","1880":"\"","1881":":","1882":"[","1883":"\"","1884":"<","1885":"t","1886":"e","1887":"m","1888":"p","1889":"l","1890":"a","1891":"t","1892":"e","1893":">","1894":"\\","1895":"r","1896":"\\","1897":"n","1898":" ","1899":" ","1900":" ","1901":" ","1902":"<","1903":"d","1904":"i","1905":"v","1906":" ","1907":":","1908":"c","1909":"l","1910":"a","1911":"s","1912":"s","1913":"=","1914":"'","1915":"c","1916":"l","1917":"a","1918":"s","1919":"s","1920":"e","1921":"s","1922":"'","1923":" ","1924":":","1925":"s","1926":"t","1927":"y","1928":"l","1929":"e","1930":"=","1931":"\\","1932":"\"","1933":"d","1934":"i","1935":"v","1936":"_","1937":"s","1938":"t","1939":"y","1940":"l","1941":"e","1942":"s","1943":"\\","1944":"\"","1945":">","1946":"\\","1947":"r","1948":"\\","1949":"n","1950":" ","1951":" ","1952":" ","1953":" ","1954":" ","1955":" ","1956":" ","1957":" ","1958":"<","1959":"i","1960":"m","1961":"g","1962":" ","1963":"v","1964":"-","1965":"i","1966":"f","1967":"=","1968":"'","1969":"s","1970":"r","1971":"c","1972":"'","1973":" ","1974":":","1975":"a","1976":"l","1977":"t","1978":"=","1979":"\\","1980":"\"","1981":"a","1982":"l","1983":"t","1984":"\\","1985":"\"","1986":" ","1987":":","1988":"s","1989":"r","1990":"c","1991":"=","1992":"'","1993":"s","1994":"r","1995":"c","1996":"'","1997":" ","1998":":","1999":"s","2000":"t","2001":"y","2002":"l","2003":"e","2004":"=","2005":"\\","2006":"\"","2007":"i","2008":"m","2009":"g","2010":"_","2011":"s","2012":"t","2013":"y","2014":"l","2015":"e","2016":"s","2017":"\\","2018":"\"","2019":" ","2020":" ","2021":"@","2022":"e","2023":"r","2024":"r","2025":"o","2026":"r","2027":"=","2028":"\\","2029":"\"","2030":"h","2031":"a","2032":"n","2033":"d","2034":"l","2035":"e","2036":"E","2037":"r","2038":"r","2039":"o","2040":"r","2041":"\\","2042":"\"","2043":" ","2044":"/","2045":">","2046":"\\","2047":"r","2048":"\\","2049":"n","2050":" ","2051":" ","2052":" ","2053":" ","2054":" ","2055":" ","2056":" ","2057":" ","2058":"<","2059":"s","2060":"l","2061":"o","2062":"t","2063":">","2064":"<","2065":"/","2066":"s","2067":"l","2068":"o","2069":"t","2070":">","2071":"\\","2072":"r","2073":"\\","2074":"n","2075":" ","2076":" ","2077":" ","2078":" ","2079":"<","2080":"/","2081":"d","2082":"i","2083":"v","2084":">","2085":"\\","2086":"r","2087":"\\","2088":"n","2089":"<","2090":"/","2091":"t","2092":"e","2093":"m","2094":"p","2095":"l","2096":"a","2097":"t","2098":"e","2099":">","2100":"\\","2101":"r","2102":"\\","2103":"n","2104":"<","2105":"s","2106":"c","2107":"r","2108":"i","2109":"p","2110":"t","2111":" ","2112":"l","2113":"a","2114":"n","2115":"g","2116":"=","2117":"'","2118":"t","2119":"s","2120":"'","2121":">","2122":"\\","2123":"r","2124":"\\","2125":"n","2126":"i","2127":"m","2128":"p","2129":"o","2130":"r","2131":"t","2132":" ","2133":"{","2134":" ","2135":"d","2136":"e","2137":"f","2138":"i","2139":"n","2140":"e","2141":"C","2142":"o","2143":"m","2144":"p","2145":"o","2146":"n","2147":"e","2148":"n","2149":"t","2150":",","2151":" ","2152":"c","2153":"o","2154":"m","2155":"p","2156":"u","2157":"t","2158":"e","2159":"d","2160":",","2161":" ","2162":"r","2163":"e","2164":"f","2165":" ","2166":"}","2167":" ","2168":"f","2169":"r","2170":"o","2171":"m","2172":" ","2173":"'","2174":"v","2175":"u","2176":"e","2177":"'","2178":"\\","2179":"r","2180":"\\","2181":"n","2182":"i","2183":"m","2184":"p","2185":"o","2186":"r","2187":"t","2188":" ","2189":"t","2190":"y","2191":"p","2192":"e","2193":" ","2194":"{","2195":" ","2196":"P","2197":"r","2198":"o","2199":"p","2200":"T","2201":"y","2202":"p","2203":"e","2204":" ","2205":"}","2206":" ","2207":"f","2208":"r","2209":"o","2210":"m","2211":" ","2212":"'","2213":"v","2214":"u","2215":"e","2216":"'","2217":"\\","2218":"r","2219":"\\","2220":"n","2221":" ","2222":"t","2223":"y","2224":"p","2225":"e","2226":" ","2227":"S","2228":"i","2229":"z","2230":"e","2231":" ","2232":"=","2233":" ","2234":"'","2235":"s","2236":"m","2237":"a","2238":"l","2239":"l","2240":"'","2241":"|","2242":"'","2243":"d","2244":"e","2245":"f","2246":"a","2247":"u","2248":"l","2249":"t","2250":"'","2251":"|","2252":"'","2253":"l","2254":"a","2255":"r","2256":"g","2257":"e","2258":"'","2259":"|","2260":"n","2261":"u","2262":"m","2263":"b","2264":"e","2265":"r","2266":"\\","2267":"r","2268":"\\","2269":"n","2270":" ","2271":"t","2272":"y","2273":"p","2274":"e","2275":" ","2276":"S","2277":"h","2278":"a","2279":"p","2280":"e","2281":" ","2282":"=","2283":" ","2284":"'","2285":"c","2286":"i","2287":"r","2288":"c","2289":"l","2290":"e","2291":"'","2292":"|","2293":"'","2294":"s","2295":"q","2296":"u","2297":"a","2298":"r","2299":"e","2300":"'","2301":"\\","2302":"r","2303":"\\","2304":"n","2305":"e","2306":"x","2307":"p","2308":"o","2309":"r","2310":"t","2311":" ","2312":"d","2313":"e","2314":"f","2315":"a","2316":"u","2317":"l","2318":"t","2319":" ","2320":"d","2321":"e","2322":"f","2323":"i","2324":"n","2325":"e","2326":"C","2327":"o","2328":"m","2329":"p","2330":"o","2331":"n","2332":"e","2333":"n","2334":"t","2335":"(","2336":"{","2337":"\\","2338":"r","2339":"\\","2340":"n","2341":" ","2342":" ","2343":" ","2344":" ","2345":"n","2346":"a","2347":"m","2348":"e","2349":":","2350":" ","2351":"'","2352":"r","2353":"d","2354":"-","2355":"a","2356":"v","2357":"a","2358":"t","2359":"a","2360":"r","2361":"'","2362":",","2363":"\\","2364":"r","2365":"\\","2366":"n","2367":" ","2368":" ","2369":" ","2370":" ","2371":"p","2372":"r","2373":"o","2374":"p","2375":"s","2376":":","2377":" ","2378":"{","2379":"\\","2380":"r","2381":"\\","2382":"n","2383":" ","2384":" ","2385":" ","2386":" ","2387":" ","2388":" ","2389":" ","2390":" ","2391":"a","2392":"l","2393":"t","2394":":","2395":" ","2396":"{","2397":"\\","2398":"r","2399":"\\","2400":"n","2401":" ","2402":" ","2403":" ","2404":" ","2405":" ","2406":" ","2407":" ","2408":" ","2409":" ","2410":" ","2411":" ","2412":" ","2413":"t","2414":"y","2415":"p","2416":"e","2417":":","2418":" ","2419":"S","2420":"t","2421":"r","2422":"i","2423":"n","2424":"g","2425":" ","2426":"a","2427":"s","2428":" ","2429":"P","2430":"r","2431":"o","2432":"p","2433":"T","2434":"y","2435":"p","2436":"e","2437":"<","2438":"S","2439":"t","2440":"r","2441":"i","2442":"n","2443":"g","2444":">","2445":",","2446":"\\","2447":"r","2448":"\\","2449":"n","2450":" ","2451":" ","2452":" ","2453":" ","2454":" ","2455":" ","2456":" ","2457":" ","2458":" ","2459":" ","2460":" ","2461":" ","2462":"d","2463":"e","2464":"f","2465":"a","2466":"u","2467":"l","2468":"t","2469":":","2470":" ","2471":"'","2472":"加","2473":"载","2474":"失","2475":"败","2476":"'","2477":"\\","2478":"r","2479":"\\","2480":"n","2481":" ","2482":" ","2483":" ","2484":" ","2485":" ","2486":" ","2487":" ","2488":" ","2489":"}","2490":",","2491":"\\","2492":"r","2493":"\\","2494":"n","2495":" ","2496":" ","2497":" ","2498":" ","2499":" ","2500":" ","2501":" ","2502":" ","2503":"s","2504":"i","2505":"z","2506":"e","2507":":","2508":" ","2509":"{","2510":"\\","2511":"r","2512":"\\","2513":"n","2514":" ","2515":" ","2516":" ","2517":" ","2518":" ","2519":" ","2520":" ","2521":" ","2522":" ","2523":" ","2524":" ","2525":" ","2526":"t","2527":"y","2528":"p","2529":"e","2530":":","2531":" ","2532":"[","2533":"S","2534":"t","2535":"r","2536":"i","2537":"n","2538":"g","2539":",","2540":"N","2541":"u","2542":"m","2543":"b","2544":"e","2545":"r","2546":"]","2547":" ","2548":"a","2549":"s","2550":" ","2551":"P","2552":"r","2553":"o","2554":"p","2555":"T","2556":"y","2557":"p","2558":"e","2559":"<","2560":"S","2561":"i","2562":"z","2563":"e","2564":">","2565":",","2566":"\\","2567":"r","2568":"\\","2569":"n","2570":" ","2571":" ","2572":" ","2573":" ","2574":" ","2575":" ","2576":" ","2577":" ","2578":" ","2579":" ","2580":" ","2581":" ","2582":"d","2583":"e","2584":"f","2585":"a","2586":"u","2587":"l","2588":"t","2589":":","2590":" ","2591":"'","2592":"d","2593":"e","2594":"f","2595":"a","2596":"u","2597":"l","2598":"t","2599":"'","2600":"\\","2601":"r","2602":"\\","2603":"n","2604":" ","2605":" ","2606":" ","2607":" ","2608":" ","2609":" ","2610":" ","2611":" ","2612":"}","2613":",","2614":"\\","2615":"r","2616":"\\","2617":"n","2618":" ","2619":" ","2620":" ","2621":" ","2622":" ","2623":" ","2624":" ","2625":" ","2626":"s","2627":"h","2628":"a","2629":"p","2630":"e","2631":":","2632":" ","2633":"{","2634":"\\","2635":"r","2636":"\\","2637":"n","2638":" ","2639":" ","2640":" ","2641":" ","2642":" ","2643":" ","2644":" ","2645":" ","2646":" ","2647":" ","2648":" ","2649":" ","2650":"t","2651":"y","2652":"p","2653":"e","2654":":","2655":" ","2656":"S","2657":"t","2658":"r","2659":"i","2660":"n","2661":"g","2662":" ","2663":"a","2664":"s","2665":" ","2666":"P","2667":"r","2668":"o","2669":"p","2670":"T","2671":"y","2672":"p","2673":"e","2674":"<","2675":"S","2676":"h","2677":"a","2678":"p","2679":"e","2680":">","2681":",","2682":"\\","2683":"r","2684":"\\","2685":"n","2686":" ","2687":" ","2688":" ","2689":" ","2690":" ","2691":" ","2692":" ","2693":" ","2694":" ","2695":" ","2696":" ","2697":" ","2698":"d","2699":"e","2700":"f","2701":"a","2702":"u","2703":"l","2704":"t","2705":":","2706":" ","2707":"'","2708":"c","2709":"i","2710":"r","2711":"c","2712":"l","2713":"e","2714":"'","2715":"\\","2716":"r","2717":"\\","2718":"n","2719":" ","2720":" ","2721":" ","2722":" ","2723":" ","2724":" ","2725":" ","2726":" ","2727":"}","2728":",","2729":"\\","2730":"r","2731":"\\","2732":"n","2733":" ","2734":" ","2735":" ","2736":" ","2737":" ","2738":" ","2739":" ","2740":" ","2741":"i","2742":"m","2743":"g","2744":"S","2745":"r","2746":"c","2747":":","2748":" ","2749":"{","2750":"\\","2751":"r","2752":"\\","2753":"n","2754":" ","2755":" ","2756":" ","2757":" ","2758":" ","2759":" ","2760":" ","2761":" ","2762":" ","2763":" ","2764":" ","2765":" ","2766":"t","2767":"y","2768":"p","2769":"e","2770":":","2771":" ","2772":"S","2773":"t","2774":"r","2775":"i","2776":"n","2777":"g","2778":",","2779":"\\","2780":"r","2781":"\\","2782":"n","2783":" ","2784":" ","2785":" ","2786":" ","2787":" ","2788":" ","2789":" ","2790":" ","2791":" ","2792":" ","2793":" ","2794":" ","2795":"r","2796":"e","2797":"q","2798":"u","2799":"i","2800":"r","2801":"e","2802":":","2803":" ","2804":"f","2805":"a","2806":"l","2807":"s","2808":"e","2809":"\\","2810":"r","2811":"\\","2812":"n","2813":" ","2814":" ","2815":" ","2816":" ","2817":" ","2818":" ","2819":" ","2820":" ","2821":"}","2822":",","2823":"\\","2824":"r","2825":"\\","2826":"n","2827":" ","2828":" ","2829":" ","2830":" ","2831":" ","2832":" ","2833":" ","2834":" ","2835":"p","2836":"a","2837":"d","2838":"d","2839":"i","2840":"n","2841":"g","2842":":","2843":" ","2844":"{","2845":"\\","2846":"r","2847":"\\","2848":"n","2849":" ","2850":" ","2851":" ","2852":" ","2853":" ","2854":" ","2855":" ","2856":" ","2857":" ","2858":" ","2859":" ","2860":" ","2861":"t","2862":"y","2863":"p","2864":"e","2865":":","2866":" ","2867":"N","2868":"u","2869":"m","2870":"b","2871":"e","2872":"r","2873":",","2874":"\\","2875":"r","2876":"\\","2877":"n","2878":" ","2879":" ","2880":" ","2881":" ","2882":" ","2883":" ","2884":" ","2885":" ","2886":" ","2887":" ","2888":" ","2889":" ","2890":"d","2891":"e","2892":"f","2893":"a","2894":"u","2895":"l","2896":"t","2897":":","2898":" ","2899":"0","2900":"\\","2901":"r","2902":"\\","2903":"n","2904":" ","2905":" ","2906":" ","2907":" ","2908":" ","2909":" ","2910":" ","2911":" ","2912":"}","2913":",","2914":"\\","2915":"r","2916":"\\","2917":"n","2918":" ","2919":" ","2920":" ","2921":" ","2922":" ","2923":" ","2924":" ","2925":" ","2926":"s","2927":"h","2928":"a","2929":"d","2930":"e","2931":":","2932":" ","2933":"{","2934":"\\","2935":"r","2936":"\\","2937":"n","2938":" ","2939":" ","2940":" ","2941":" ","2942":" ","2943":" ","2944":" ","2945":" ","2946":" ","2947":" ","2948":" ","2949":" ","2950":"t","2951":"y","2952":"p","2953":"e","2954":":","2955":" ","2956":"B","2957":"o","2958":"o","2959":"l","2960":"e","2961":"a","2962":"n","2963":",","2964":"\\","2965":"r","2966":"\\","2967":"n","2968":" ","2969":" ","2970":" ","2971":" ","2972":" ","2973":" ","2974":" ","2975":" ","2976":" ","2977":" ","2978":" ","2979":" ","2980":"d","2981":"e","2982":"f","2983":"a","2984":"u","2985":"l","2986":"t","2987":":","2988":" ","2989":"f","2990":"a","2991":"l","2992":"s","2993":"e","2994":"\\","2995":"r","2996":"\\","2997":"n","2998":" ","2999":" ","3000":" ","3001":" ","3002":" ","3003":" ","3004":" ","3005":" ","3006":"}","3007":",","3008":"\\","3009":"r","3010":"\\","3011":"n","3012":" ","3013":" ","3014":" ","3015":" ","3016":" ","3017":" ","3018":" ","3019":" ","3020":"b","3021":"g","3022":":","3023":" ","3024":"{","3025":"\\","3026":"r","3027":"\\","3028":"n","3029":" ","3030":" ","3031":" ","3032":" ","3033":" ","3034":" ","3035":" ","3036":" ","3037":" ","3038":" ","3039":" ","3040":" ","3041":"t","3042":"y","3043":"p","3044":"e","3045":":","3046":" ","3047":"S","3048":"t","3049":"r","3050":"i","3051":"n","3052":"g","3053":",","3054":"\\","3055":"r","3056":"\\","3057":"n","3058":" ","3059":" ","3060":" ","3061":" ","3062":" ","3063":" ","3064":" ","3065":" ","3066":" ","3067":" ","3068":" ","3069":" ","3070":"d","3071":"e","3072":"f","3073":"a","3074":"u","3075":"l","3076":"t","3077":":","3078":" ","3079":"'","3080":"w","3081":"h","3082":"i","3083":"t","3084":"e","3085":"'","3086":"\\","3087":"r","3088":"\\","3089":"n","3090":" ","3091":" ","3092":" ","3093":" ","3094":" ","3095":" ","3096":" ","3097":" ","3098":"}","3099":",","3100":"\\","3101":"r","3102":"\\","3103":"n","3104":" ","3105":" ","3106":" ","3107":" ","3108":" ","3109":" ","3110":" ","3111":" ","3112":"l","3113":"o","3114":"a","3115":"d","3116":"E","3117":"r","3118":"r","3119":"o","3120":"r","3121":":","3122":" ","3123":"{","3124":"\\","3125":"r","3126":"\\","3127":"n","3128":" ","3129":" ","3130":" ","3131":" ","3132":" ","3133":" ","3134":" ","3135":" ","3136":" ","3137":" ","3138":" ","3139":" ","3140":"t","3141":"y","3142":"p","3143":"e","3144":":","3145":"F","3146":"u","3147":"n","3148":"c","3149":"t","3150":"i","3151":"o","3152":"n","3153":" ","3154":"a","3155":"s","3156":" ","3157":"P","3158":"r","3159":"o","3160":"p","3161":"T","3162":"y","3163":"p","3164":"e","3165":"<","3166":"(","3167":")","3168":" ","3169":"=","3170":">","3171":" ","3172":"b","3173":"o","3174":"o","3175":"l","3176":"e","3177":"a","3178":"n","3179":">","3180":"\\","3181":"r","3182":"\\","3183":"n","3184":" ","3185":" ","3186":" ","3187":" ","3188":" ","3189":" ","3190":" ","3191":" ","3192":"}","3193":"\\","3194":"r","3195":"\\","3196":"n","3197":" ","3198":" ","3199":" ","3200":" ","3201":"}","3202":",","3203":"\\","3204":"r","3205":"\\","3206":"n","3207":" ","3208":" ","3209":" ","3210":" ","3211":"s","3212":"e","3213":"t","3214":"u","3215":"p","3216":"(","3217":"p","3218":"r","3219":"o","3220":"p","3221":"s","3222":")","3223":"{","3224":"\\","3225":"r","3226":"\\","3227":"n","3228":" ","3229":" ","3230":" ","3231":" ","3232":" ","3233":" ","3234":" ","3235":" ","3236":"c","3237":"o","3238":"n","3239":"s","3240":"t","3241":" ","3242":"{","3243":"i","3244":"m","3245":"g","3246":"S","3247":"r","3248":"c","3249":",","3250":"s","3251":"i","3252":"z","3253":"e","3254":",","3255":"s","3256":"h","3257":"a","3258":"p","3259":"e","3260":",","3261":"p","3262":"a","3263":"d","3264":"d","3265":"i","3266":"n","3267":"g","3268":",","3269":"s","3270":"h","3271":"a","3272":"d","3273":"e","3274":",","3275":"b","3276":"g","3277":"}","3278":" ","3279":"=","3280":" ","3281":"(","3282":"p","3283":"r","3284":"o","3285":"p","3286":"s","3287":")","3288":"\\","3289":"r","3290":"\\","3291":"n","3292":" ","3293":" ","3294":" ","3295":" ","3296":" ","3297":" ","3298":" ","3299":" ","3300":"c","3301":"o","3302":"n","3303":"s","3304":"t","3305":" ","3306":"s","3307":"r","3308":"c","3309":" ","3310":"=","3311":" ","3312":"r","3313":"e","3314":"f","3315":"<","3316":"s","3317":"t","3318":"r","3319":"i","3320":"n","3321":"g","3322":"|","3323":"u","3324":"n","3325":"d","3326":"e","3327":"f","3328":"i","3329":"n","3330":"e","3331":"d","3332":">","3333":"(","3334":"i","3335":"m","3336":"g","3337":"S","3338":"r","3339":"c","3340":")","3341":"\\","3342":"r","3343":"\\","3344":"n","3345":" ","3346":" ","3347":" ","3348":" ","3349":" ","3350":" ","3351":" ","3352":" ","3353":"c","3354":"o","3355":"n","3356":"s","3357":"t","3358":" ","3359":"i","3360":"m","3361":"g","3362":"_","3363":"s","3364":"t","3365":"y","3366":"l","3367":"e","3368":"s","3369":" ","3370":"=","3371":" ","3372":"c","3373":"o","3374":"m","3375":"p","3376":"u","3377":"t","3378":"e","3379":"d","3380":"(","3381":"(","3382":")","3383":" ","3384":"=","3385":">","3386":" ","3387":"(","3388":"{","3389":"\\","3390":"r","3391":"\\","3392":"n","3393":" ","3394":" ","3395":" ","3396":" ","3397":" ","3398":" ","3399":" ","3400":" ","3401":" ","3402":"b","3403":"o","3404":"r","3405":"d","3406":"e","3407":"r","3408":"R","3409":"a","3410":"d","3411":"i","3412":"u","3413":"s","3414":":","3415":" ","3416":"s","3417":"h","3418":"a","3419":"p","3420":"e","3421":" ","3422":"=","3423":"=","3424":"=","3425":" ","3426":"'","3427":"s","3428":"q","3429":"u","3430":"a","3431":"r","3432":"e","3433":"'","3434":"?","3435":" ","3436":"'","3437":"0","3438":"p","3439":"x","3440":"'","3441":":","3442":"'","3443":"1","3444":"0","3445":"0","3446":"%","3447":"'","3448":" ","3449":"\\","3450":"r","3451":"\\","3452":"n","3453":" ","3454":" ","3455":" ","3456":" ","3457":" ","3458":" ","3459":" ","3460":" ","3461":"}","3462":")","3463":")","3464":"\\","3465":"r","3466":"\\","3467":"n","3468":" ","3469":" ","3470":" ","3471":" ","3472":" ","3473":" ","3474":" ","3475":" ","3476":"c","3477":"o","3478":"n","3479":"s","3480":"t","3481":" ","3482":"d","3483":"i","3484":"v","3485":"_","3486":"s","3487":"t","3488":"y","3489":"l","3490":"e","3491":"s","3492":" ","3493":"=","3494":" ","3495":"c","3496":"o","3497":"m","3498":"p","3499":"u","3500":"t","3501":"e","3502":"d","3503":"(","3504":"(","3505":")","3506":" ","3507":"=","3508":">","3509":" ","3510":"(","3511":"{","3512":"\\","3513":"r","3514":"\\","3515":"n","3516":" ","3517":" ","3518":" ","3519":" ","3520":" ","3521":" ","3522":" ","3523":" ","3524":" ","3525":" ","3526":" ","3527":" ","3528":"p","3529":"a","3530":"d","3531":"d","3532":"i","3533":"n","3534":"g","3535":":","3536":" ","3537":"`","3538":"$","3539":"{","3540":"p","3541":"a","3542":"d","3543":"d","3544":"i","3545":"n","3546":"g","3547":"}","3548":"p","3549":"x","3550":"`","3551":",","3552":"\\","3553":"r","3554":"\\","3555":"n","3556":" ","3557":" ","3558":" ","3559":" ","3560":" ","3561":" ","3562":" ","3563":" ","3564":" ","3565":" ","3566":" ","3567":" ","3568":"b","3569":"o","3570":"r","3571":"d","3572":"e","3573":"r","3574":":","3575":" ","3576":"p","3577":"a","3578":"d","3579":"d","3580":"i","3581":"n","3582":"g","3583":"?","3584":" ","3585":"'","3586":"1","3587":"p","3588":"x","3589":" ","3590":"s","3591":"o","3592":"l","3593":"i","3594":"d","3595":" ","3596":"l","3597":"i","3598":"g","3599":"h","3600":"t","3601":"g","3602":"r","3603":"a","3604":"y","3605":"'","3606":":","3607":"'","3608":"'","3609":",","3610":"\\","3611":"r","3612":"\\","3613":"n","3614":" ","3615":" ","3616":" ","3617":" ","3618":" ","3619":" ","3620":" ","3621":" ","3622":" ","3623":" ","3624":" ","3625":" ","3626":"b","3627":"o","3628":"x","3629":"S","3630":"h","3631":"a","3632":"d","3633":"o","3634":"w","3635":":","3636":" ","3637":"s","3638":"h","3639":"a","3640":"d","3641":"e","3642":"?","3643":"`","3644":"0","3645":" ","3646":"0","3647":" ","3648":"2","3649":"0","3650":"p","3651":"x","3652":" ","3653":"0","3654":" ","3655":"g","3656":"r","3657":"a","3658":"y","3659":"`","3660":":","3661":"'","3662":"'","3663":",","3664":"\\","3665":"r","3666":"\\","3667":"n","3668":" ","3669":" ","3670":" ","3671":" ","3672":" ","3673":" ","3674":" ","3675":" ","3676":" ","3677":" ","3678":" ","3679":" ","3680":"b","3681":"o","3682":"r","3683":"d","3684":"e","3685":"r","3686":"R","3687":"a","3688":"d","3689":"i","3690":"u","3691":"s","3692":":","3693":" ","3694":"s","3695":"h","3696":"a","3697":"p","3698":"e","3699":" ","3700":"=","3701":"=","3702":"=","3703":" ","3704":"'","3705":"s","3706":"q","3707":"u","3708":"a","3709":"r","3710":"e","3711":"'","3712":"?","3713":" ","3714":"'","3715":"0","3716":"p","3717":"x","3718":"'","3719":":","3720":"'","3721":"1","3722":"0","3723":"0","3724":"%","3725":"'","3726":",","3727":"\\","3728":"r","3729":"\\","3730":"n","3731":" ","3732":" ","3733":" ","3734":" ","3735":" ","3736":" ","3737":" ","3738":" ","3739":" ","3740":" ","3741":" ","3742":" ","3743":"b","3744":"a","3745":"c","3746":"k","3747":"g","3748":"r","3749":"o","3750":"u","3751":"n","3752":"d","3753":"C","3754":"o","3755":"l","3756":"o","3757":"r","3758":":","3759":" ","3760":"b","3761":"g","3762":",","3763":"\\","3764":"r","3765":"\\","3766":"n","3767":" ","3768":" ","3769":" ","3770":" ","3771":" ","3772":" ","3773":" ","3774":" ","3775":" ","3776":" ","3777":" ","3778":" ","3779":"c","3780":"o","3781":"l","3782":"o","3783":"r","3784":":","3785":" ","3786":"b","3787":"g","3788":" ","3789":"=","3790":"=","3791":"=","3792":" ","3793":"'","3794":"w","3795":"h","3796":"i","3797":"t","3798":"e","3799":"'","3800":"?","3801":" ","3802":"'","3803":"b","3804":"l","3805":"a","3806":"c","3807":"k","3808":"'","3809":":","3810":"'","3811":"w","3812":"h","3813":"i","3814":"t","3815":"e","3816":"'","3817":",","3818":"\\","3819":"r","3820":"\\","3821":"n","3822":" ","3823":" ","3824":" ","3825":" ","3826":" ","3827":" ","3828":" ","3829":" ","3830":" ","3831":" ","3832":" ","3833":" ","3834":"w","3835":"i","3836":"d","3837":"t","3838":"h","3839":":","3840":" ","3841":"t","3842":"y","3843":"p","3844":"e","3845":"o","3846":"f","3847":" ","3848":"s","3849":"i","3850":"z","3851":"e","3852":"=","3853":"=","3854":"'","3855":"n","3856":"u","3857":"m","3858":"b","3859":"e","3860":"r","3861":"'","3862":" ","3863":"?","3864":" ","3865":"`","3866":"$","3867":"{","3868":"s","3869":"i","3870":"z","3871":"e","3872":"}","3873":"p","3874":"x","3875":"`","3876":":","3877":"'","3878":"'","3879":",","3880":"\\","3881":"r","3882":"\\","3883":"n","3884":" ","3885":" ","3886":" ","3887":" ","3888":" ","3889":" ","3890":" ","3891":" ","3892":" ","3893":" ","3894":" ","3895":" ","3896":"h","3897":"e","3898":"i","3899":"g","3900":"h","3901":"t","3902":":","3903":" ","3904":"t","3905":"y","3906":"p","3907":"e","3908":"o","3909":"f","3910":" ","3911":"s","3912":"i","3913":"z","3914":"e","3915":"=","3916":"=","3917":"'","3918":"n","3919":"u","3920":"m","3921":"b","3922":"e","3923":"r","3924":"'","3925":"?","3926":" ","3927":"`","3928":"$","3929":"{","3930":"s","3931":"i","3932":"z","3933":"e","3934":"}","3935":"p","3936":"x","3937":"`","3938":":","3939":"'","3940":"'","3941":",","3942":"\\","3943":"r","3944":"\\","3945":"n","3946":" ","3947":" ","3948":" ","3949":" ","3950":" ","3951":" ","3952":" ","3953":" ","3954":" ","3955":" ","3956":" ","3957":" ","3958":"l","3959":"i","3960":"n","3961":"e","3962":"H","3963":"e","3964":"i","3965":"g","3966":"h","3967":"t","3968":":","3969":" ","3970":"t","3971":"y","3972":"p","3973":"e","3974":"o","3975":"f","3976":" ","3977":"s","3978":"i","3979":"z","3980":"e","3981":"=","3982":"=","3983":"'","3984":"n","3985":"u","3986":"m","3987":"b","3988":"e","3989":"r","3990":"'","3991":"?","3992":" ","3993":"`","3994":"$","3995":"{","3996":"s","3997":"i","3998":"z","3999":"e","4000":"}","4001":"p","4002":"x","4003":"`","4004":":","4005":"'","4006":"'","4007":"\\","4008":"r","4009":"\\","4010":"n","4011":" ","4012":" ","4013":" ","4014":" ","4015":" ","4016":" ","4017":" ","4018":" ","4019":"}","4020":")","4021":")","4022":"\\","4023":"r","4024":"\\","4025":"n","4026":" ","4027":" ","4028":" ","4029":" ","4030":" ","4031":" ","4032":" ","4033":" ","4034":"c","4035":"o","4036":"n","4037":"s","4038":"t","4039":" ","4040":"c","4041":"l","4042":"a","4043":"s","4044":"s","4045":"e","4046":"s","4047":" ","4048":"=","4049":" ","4050":"c","4051":"o","4052":"m","4053":"p","4054":"u","4055":"t","4056":"e","4057":"d","4058":"(","4059":"(","4060":")","4061":"=","4062":">","4063":"{","4064":"\\","4065":"r","4066":"\\","4067":"n","4068":" ","4069":" ","4070":" ","4071":" ","4072":" ","4073":" ","4074":" ","4075":" ","4076":" ","4077":" ","4078":" ","4079":" ","4080":"l","4081":"e","4082":"t","4083":" ","4084":"a","4085":"r","4086":"r","4087":" ","4088":"=","4089":" ","4090":"[","4091":"'","4092":"a","4093":"v","4094":"a","4095":"t","4096":"a","4097":"r","4098":"'","4099":"]","4100":"\\","4101":"r","4102":"\\","4103":"n","4104":" ","4105":" ","4106":" ","4107":" ","4108":" ","4109":" ","4110":" ","4111":" ","4112":" ","4113":" ","4114":" ","4115":" ","4116":"i","4117":"f","4118":"(","4119":"t","4120":"y","4121":"p","4122":"e","4123":"o","4124":"f","4125":" ","4126":"s","4127":"i","4128":"z","4129":"e","4130":" ","4131":"=","4132":"=","4133":"'","4134":"s","4135":"t","4136":"r","4137":"i","4138":"n","4139":"g","4140":"'","4141":")","4142":"\\","4143":"r","4144":"\\","4145":"n","4146":" ","4147":" ","4148":" ","4149":" ","4150":" ","4151":" ","4152":" ","4153":" ","4154":" ","4155":" ","4156":" ","4157":" ","4158":" ","4159":" ","4160":" ","4161":" ","4162":"a","4163":"r","4164":"r","4165":".","4166":"p","4167":"u","4168":"s","4169":"h","4170":"(","4171":"`","4172":"a","4173":"v","4174":"a","4175":"t","4176":"a","4177":"r","4178":"-","4179":"$","4180":"{","4181":"s","4182":"i","4183":"z","4184":"e","4185":"}","4186":"`","4187":")","4188":"\\","4189":"r","4190":"\\","4191":"n","4192":" ","4193":" ","4194":" ","4195":" ","4196":" ","4197":" ","4198":" ","4199":" ","4200":" ","4201":" ","4202":" ","4203":" ","4204":"r","4205":"e","4206":"t","4207":"u","4208":"r","4209":"n","4210":" ","4211":"a","4212":"r","4213":"r","4214":"\\","4215":"r","4216":"\\","4217":"n","4218":" ","4219":" ","4220":" ","4221":" ","4222":" ","4223":" ","4224":" ","4225":" ","4226":"}","4227":")","4228":"\\","4229":"r","4230":"\\","4231":"n","4232":" ","4233":" ","4234":" ","4235":" ","4236":" ","4237":" ","4238":" ","4239":" ","4240":"c","4241":"o","4242":"n","4243":"s","4244":"t","4245":" ","4246":"h","4247":"a","4248":"n","4249":"d","4250":"l","4251":"e","4252":"E","4253":"r","4254":"r","4255":"o","4256":"r","4257":" ","4258":"=","4259":" ","4260":"(","4261":")","4262":" ","4263":"=","4264":">","4265":" ","4266":"{","4267":"\\","4268":"r","4269":"\\","4270":"n","4271":" ","4272":" ","4273":" ","4274":" ","4275":" ","4276":" ","4277":" ","4278":" ","4279":" ","4280":" ","4281":" ","4282":" ","4283":"i","4284":"f","4285":"(","4286":"p","4287":"r","4288":"o","4289":"p","4290":"s","4291":".","4292":"l","4293":"o","4294":"a","4295":"d","4296":"E","4297":"r","4298":"r","4299":"o","4300":"r","4301":")","4302":"{","4303":"\\","4304":"r","4305":"\\","4306":"n","4307":" ","4308":" ","4309":" ","4310":" ","4311":" ","4312":" ","4313":" ","4314":" ","4315":" ","4316":" ","4317":" ","4318":" ","4319":" ","4320":" ","4321":" ","4322":" ","4323":"p","4324":"r","4325":"o","4326":"p","4327":"s","4328":".","4329":"l","4330":"o","4331":"a","4332":"d","4333":"E","4334":"r","4335":"r","4336":"o","4337":"r","4338":"(","4339":")","4340":"\\","4341":"r","4342":"\\","4343":"n","4344":" ","4345":" ","4346":" ","4347":" ","4348":" ","4349":" ","4350":" ","4351":" ","4352":" ","4353":" ","4354":" ","4355":" ","4356":"}","4357":"e","4358":"l","4359":"s","4360":"e","4361":"{","4362":"\\","4363":"r","4364":"\\","4365":"n","4366":" ","4367":" ","4368":" ","4369":" ","4370":" ","4371":" ","4372":" ","4373":" ","4374":" ","4375":" ","4376":" ","4377":" ","4378":" ","4379":" ","4380":" ","4381":" ","4382":"c","4383":"o","4384":"n","4385":"s","4386":"o","4387":"l","4388":"e","4389":".","4390":"l","4391":"o","4392":"g","4393":"(","4394":"\\","4395":"\"","4396":"图","4397":"片","4398":"加","4399":"载","4400":"失","4401":"败","4402":"!","4403":"\\","4404":"\"","4405":")","4406":"\\","4407":"r","4408":"\\","4409":"n","4410":" ","4411":" ","4412":" ","4413":" ","4414":" ","4415":" ","4416":" ","4417":" ","4418":" ","4419":" ","4420":" ","4421":" ","4422":"}","4423":"\\","4424":"r","4425":"\\","4426":"n","4427":" ","4428":" ","4429":" ","4430":" ","4431":" ","4432":" ","4433":" ","4434":" ","4435":"}","4436":"\\","4437":"r","4438":"\\","4439":"n","4440":" ","4441":" ","4442":" ","4443":" ","4444":" ","4445":" ","4446":" ","4447":" ","4448":"r","4449":"e","4450":"t","4451":"u","4452":"r","4453":"n","4454":" ","4455":"{","4456":"\\","4457":"r","4458":"\\","4459":"n","4460":" ","4461":" ","4462":" ","4463":" ","4464":" ","4465":" ","4466":" ","4467":" ","4468":" ","4469":" ","4470":" ","4471":" ","4472":"s","4473":"r","4474":"c","4475":",","4476":"\\","4477":"r","4478":"\\","4479":"n","4480":" ","4481":" ","4482":" ","4483":" ","4484":" ","4485":" ","4486":" ","4487":" ","4488":" ","4489":" ","4490":" ","4491":" ","4492":"i","4493":"m","4494":"g","4495":"_","4496":"s","4497":"t","4498":"y","4499":"l","4500":"e","4501":"s","4502":",","4503":"\\","4504":"r","4505":"\\","4506":"n","4507":" ","4508":" ","4509":" ","4510":" ","4511":" ","4512":" ","4513":" ","4514":" ","4515":" ","4516":" ","4517":" ","4518":" ","4519":"d","4520":"i","4521":"v","4522":"_","4523":"s","4524":"t","4525":"y","4526":"l","4527":"e","4528":"s","4529":",","4530":"\\","4531":"r","4532":"\\","4533":"n","4534":" ","4535":" ","4536":" ","4537":" ","4538":" ","4539":" ","4540":" ","4541":" ","4542":" ","4543":" ","4544":" ","4545":" ","4546":"c","4547":"l","4548":"a","4549":"s","4550":"s","4551":"e","4552":"s","4553":",","4554":"\\","4555":"r","4556":"\\","4557":"n","4558":" ","4559":" ","4560":" ","4561":" ","4562":" ","4563":" ","4564":" ","4565":" ","4566":" ","4567":" ","4568":" ","4569":" ","4570":"h","4571":"a","4572":"n","4573":"d","4574":"l","4575":"e","4576":"E","4577":"r","4578":"r","4579":"o","4580":"r","4581":"\\","4582":"r","4583":"\\","4584":"n","4585":" ","4586":" ","4587":" ","4588":" ","4589":" ","4590":" ","4591":" ","4592":" ","4593":"}","4594":"\\","4595":"r","4596":"\\","4597":"n","4598":" ","4599":" ","4600":" ","4601":" ","4602":"}","4603":"\\","4604":"r","4605":"\\","4606":"n","4607":"}","4608":")","4609":"\\","4610":"r","4611":"\\","4612":"n","4613":"<","4614":"/","4615":"s","4616":"c","4617":"r","4618":"i","4619":"p","4620":"t","4621":">","4622":"\\","4623":"r","4624":"\\","4625":"n","4626":"<","4627":"s","4628":"t","4629":"y","4630":"l","4631":"e","4632":" ","4633":"l","4634":"a","4635":"n","4636":"g","4637":"=","4638":"\\","4639":"\"","4640":"s","4641":"c","4642":"s","4643":"s","4644":"\\","4645":"\"","4646":" ","4647":"s","4648":"c","4649":"o","4650":"p","4651":"e","4652":"d","4653":">","4654":"\\","4655":"r","4656":"\\","4657":"n","4658":"$","4659":"s","4660":"m","4661":"a","4662":"l","4663":"l","4664":"-","4665":"s","4666":"i","4667":"z","4668":"e","4669":":","4670":" ","4671":"5","4672":"0","4673":"p","4674":"x","4675":";","4676":"\\","4677":"r","4678":"\\","4679":"n","4680":"$","4681":"d","4682":"e","4683":"f","4684":"a","4685":"u","4686":"l","4687":"t","4688":"-","4689":"s","4690":"i","4691":"z","4692":"e","4693":":","4694":" ","4695":"1","4696":"0","4697":"0","4698":"p","4699":"x","4700":";","4701":"\\","4702":"r","4703":"\\","4704":"n","4705":"$","4706":"l","4707":"a","4708":"r","4709":"g","4710":"e","4711":"-","4712":"s","4713":"i","4714":"z","4715":"e","4716":":","4717":" ","4718":"1","4719":"0","4720":"0","4721":"p","4722":"x","4723":";","4724":"\\","4725":"r","4726":"\\","4727":"n","4728":"$","4729":"w","4730":"h","4731":"i","4732":"t","4733":"e","4734":":","4735":" ","4736":"#","4737":"f","4738":"f","4739":"f","4740":";","4741":"\\","4742":"r","4743":"\\","4744":"n","4745":"$","4746":"d","4747":"e","4748":"f","4749":"a","4750":"u","4751":"l","4752":"t","4753":"-","4754":"b","4755":"a","4756":"c","4757":"k","4758":"g","4759":"r","4760":"o","4761":"u","4762":"n","4763":"d","4764":":","4765":" ","4766":"#","4767":"c","4768":"0","4769":"c","4770":"c","4771":"c","4772":"b","4773":";","4774":"\\","4775":"r","4776":"\\","4777":"n","4778":"*","4779":"{","4780":"\\","4781":"r","4782":"\\","4783":"n","4784":" ","4785":" ","4786":" ","4787":" ","4788":"p","4789":"a","4790":"d","4791":"d","4792":"i","4793":"n","4794":"g","4795":":","4796":" ","4797":"0","4798":";","4799":"\\","4800":"r","4801":"\\","4802":"n","4803":" ","4804":" ","4805":" ","4806":" ","4807":"m","4808":"a","4809":"r","4810":"g","4811":"i","4812":"n","4813":":","4814":" ","4815":"0","4816":";","4817":"\\","4818":"r","4819":"\\","4820":"n","4821":"}","4822":"\\","4823":"r","4824":"\\","4825":"n","4826":".","4827":"a","4828":"v","4829":"a","4830":"t","4831":"a","4832":"r","4833":"{","4834":"\\","4835":"r","4836":"\\","4837":"n","4838":" ","4839":" ","4840":" ","4841":" ","4842":"d","4843":"i","4844":"s","4845":"p","4846":"l","4847":"a","4848":"y","4849":":","4850":" ","4851":"i","4852":"n","4853":"l","4854":"i","4855":"n","4856":"e","4857":"-","4858":"b","4859":"l","4860":"o","4861":"c","4862":"k","4863":";","4864":"\\","4865":"r","4866":"\\","4867":"n","4868":" ","4869":" ","4870":" ","4871":" ","4872":"b","4873":"o","4874":"x","4875":"-","4876":"s","4877":"i","4878":"z","4879":"i","4880":"n","4881":"g","4882":":","4883":" ","4884":"b","4885":"o","4886":"r","4887":"d","4888":"e","4889":"r","4890":"-","4891":"b","4892":"o","4893":"x","4894":";","4895":"\\","4896":"r","4897":"\\","4898":"n","4899":" ","4900":" ","4901":" ","4902":" ","4903":"t","4904":"e","4905":"x","4906":"t","4907":"-","4908":"a","4909":"l","4910":"i","4911":"g","4912":"n","4913":":","4914":" ","4915":"c","4916":"e","4917":"n","4918":"t","4919":"e","4920":"r","4921":";","4922":"\\","4923":"r","4924":"\\","4925":"n","4926":" ","4927":" ","4928":" ","4929":" ","4930":"i","4931":"m","4932":"g","4933":"{","4934":"\\","4935":"r","4936":"\\","4937":"n","4938":" ","4939":" ","4940":" ","4941":" ","4942":" ","4943":" ","4944":" ","4945":" ","4946":"f","4947":"o","4948":"n","4949":"t","4950":"-","4951":"s","4952":"i","4953":"z","4954":"e","4955":":","4956":" ","4957":"1","4958":"0","4959":"p","4960":"x","4961":";","4962":"\\","4963":"r","4964":"\\","4965":"n","4966":" ","4967":" ","4968":" ","4969":" ","4970":" ","4971":" ","4972":" ","4973":" ","4974":"w","4975":"i","4976":"d","4977":"t","4978":"h","4979":":","4980":"1","4981":"0","4982":"0","4983":"%","4984":";","4985":"\\","4986":"r","4987":"\\","4988":"n","4989":" ","4990":" ","4991":" ","4992":" ","4993":" ","4994":" ","4995":" ","4996":" ","4997":"h","4998":"e","4999":"i","5000":"g","5001":"h","5002":"t","5003":":","5004":"1","5005":"0","5006":"0","5007":"%","5008":";","5009":"\\","5010":"r","5011":"\\","5012":"n","5013":" ","5014":" ","5015":" ","5016":" ","5017":"}","5018":"\\","5019":"r","5020":"\\","5021":"n","5022":"}","5023":"\\","5024":"r","5025":"\\","5026":"n","5027":".","5028":"a","5029":"v","5030":"a","5031":"t","5032":"a","5033":"r","5034":"-","5035":"d","5036":"e","5037":"f","5038":"a","5039":"u","5040":"l","5041":"t","5042":"{","5043":"\\","5044":"r","5045":"\\","5046":"n","5047":" ","5048":" ","5049":" ","5050":" ","5051":"w","5052":"i","5053":"d","5054":"t","5055":"h","5056":":","5057":" ","5058":"$","5059":"d","5060":"e","5061":"f","5062":"a","5063":"u","5064":"l","5065":"t","5066":"-","5067":"s","5068":"i","5069":"z","5070":"e","5071":";","5072":"\\","5073":"r","5074":"\\","5075":"n","5076":" ","5077":" ","5078":" ","5079":" ","5080":"h","5081":"e","5082":"i","5083":"g","5084":"h","5085":"t","5086":":","5087":" ","5088":"$","5089":"d","5090":"e","5091":"f","5092":"a","5093":"u","5094":"l","5095":"t","5096":"-","5097":"s","5098":"i","5099":"z","5100":"e","5101":";","5102":"\\","5103":"r","5104":"\\","5105":"n","5106":" ","5107":" ","5108":" ","5109":" ","5110":"l","5111":"i","5112":"n","5113":"e","5114":"-","5115":"h","5116":"e","5117":"i","5118":"g","5119":"h","5120":"t","5121":":","5122":" ","5123":"$","5124":"d","5125":"e","5126":"f","5127":"a","5128":"u","5129":"l","5130":"t","5131":"-","5132":"s","5133":"i","5134":"z","5135":"e","5136":";","5137":"\\","5138":"r","5139":"\\","5140":"n","5141":" ","5142":" ","5143":" ","5144":" ","5145":"f","5146":"o","5147":"n","5148":"t","5149":"-","5150":"s","5151":"i","5152":"z","5153":"e","5154":":","5155":" ","5156":"2","5157":"0","5158":"0","5159":"%","5160":";","5161":"\\","5162":"r","5163":"\\","5164":"n","5165":"}","5166":"\\","5167":"r","5168":"\\","5169":"n","5170":".","5171":"a","5172":"v","5173":"a","5174":"t","5175":"a","5176":"r","5177":"-","5178":"l","5179":"a","5180":"r","5181":"g","5182":"e","5183":"{","5184":"\\","5185":"r","5186":"\\","5187":"n","5188":" ","5189":" ","5190":" ","5191":" ","5192":"w","5193":"i","5194":"d","5195":"t","5196":"h","5197":":","5198":"$","5199":"l","5200":"a","5201":"r","5202":"g","5203":"e","5204":"-","5205":"s","5206":"i","5207":"z","5208":"e","5209":";","5210":"\\","5211":"r","5212":"\\","5213":"n","5214":" ","5215":" ","5216":" ","5217":" ","5218":"h","5219":"e","5220":"i","5221":"g","5222":"h","5223":"t","5224":":","5225":" ","5226":"$","5227":"l","5228":"a","5229":"r","5230":"g","5231":"e","5232":"-","5233":"s","5234":"i","5235":"z","5236":"e","5237":";","5238":"\\","5239":"r","5240":"\\","5241":"n","5242":" ","5243":" ","5244":" ","5245":" ","5246":"l","5247":"i","5248":"n","5249":"e","5250":"-","5251":"h","5252":"e","5253":"i","5254":"g","5255":"h","5256":"t","5257":":","5258":" ","5259":"$","5260":"l","5261":"a","5262":"r","5263":"g","5264":"e","5265":"-","5266":"s","5267":"i","5268":"z","5269":"e","5270":";","5271":"\\","5272":"r","5273":"\\","5274":"n","5275":" ","5276":" ","5277":" ","5278":" ","5279":"f","5280":"o","5281":"n","5282":"t","5283":"-","5284":"s","5285":"i","5286":"z","5287":"e","5288":":","5289":" ","5290":"3","5291":"0","5292":"0","5293":"%","5294":";","5295":"\\","5296":"r","5297":"\\","5298":"n","5299":"}","5300":"\\","5301":"r","5302":"\\","5303":"n","5304":".","5305":"a","5306":"v","5307":"a","5308":"t","5309":"a","5310":"r","5311":"-","5312":"s","5313":"m","5314":"a","5315":"l","5316":"l","5317":"{","5318":"\\","5319":"r","5320":"\\","5321":"n","5322":" ","5323":" ","5324":" ","5325":" ","5326":"w","5327":"i","5328":"d","5329":"t","5330":"h","5331":":","5332":" ","5333":"$","5334":"s","5335":"m","5336":"a","5337":"l","5338":"l","5339":"-","5340":"s","5341":"i","5342":"z","5343":"e","5344":";","5345":"\\","5346":"r","5347":"\\","5348":"n","5349":" ","5350":" ","5351":" ","5352":" ","5353":"h","5354":"e","5355":"i","5356":"g","5357":"h","5358":"t","5359":":","5360":" ","5361":"$","5362":"s","5363":"m","5364":"a","5365":"l","5366":"l","5367":"-","5368":"s","5369":"i","5370":"z","5371":"e","5372":";","5373":"\\","5374":"r","5375":"\\","5376":"n","5377":" ","5378":" ","5379":" ","5380":" ","5381":"l","5382":"i","5383":"n","5384":"e","5385":"-","5386":"h","5387":"e","5388":"i","5389":"g","5390":"h","5391":"t","5392":":","5393":" ","5394":"$","5395":"s","5396":"m","5397":"a","5398":"l","5399":"l","5400":"-","5401":"s","5402":"i","5403":"z","5404":"e","5405":";","5406":"\\","5407":"r","5408":"\\","5409":"n","5410":"}","5411":"\\","5412":"r","5413":"\\","5414":"n","5415":"<","5416":"/","5417":"s","5418":"t","5419":"y","5420":"l","5421":"e","5422":">","5423":"\"","5424":"]","5425":"}"},"_coverageSchema":"1a1c01bbd47fc00a2c39e90264f33305004495a9","hash":"1a89b39ecc2637d3de47f6a8ad49602ca6cf4bba"}
,"E:\\Vue_NotJs\\青训营大项目\\reed-d\\components\\lib\\button\\index.ts": {"path":"E:\\Vue_NotJs\\青训营大项目\\reed-d\\components\\lib\\button\\index.ts","statementMap":{"0":{"start":{"line":2,"column":0},"end":{"line":2,"column":null}},"1":{"start":{"line":3,"column":0},"end":{"line":5,"column":null}},"2":{"start":{"line":4,"column":2},"end":{"line":4,"column":null}},"3":{"start":{"line":6,"column":0},"end":{"line":6,"column":null}}},"fnMap":{"0":{"name":"(anonymous_1)","decl":{"start":{"line":3,"column":20},"end":{"line":3,"column":28}},"loc":{"start":{"line":3,"column":38},"end":{"line":5,"column":1}}}},"branchMap":{},"s":{"0":2,"1":2,"2":0,"3":2},"f":{"0":0},"b":{}}
,"E:\\Vue_NotJs\\青训营大项目\\reed-d\\components\\lib\\button\\src\\main.vue": {"path":"E:\\Vue_NotJs\\青训营大项目\\reed-d\\components\\lib\\button\\src\\main.vue","statementMap":{"0":{"start":{"line":3,"column":0},"end":{"line":5,"column":3}},"1":{"start":{"line":6,"column":12},"end":{"line":6,"column":26}},"2":{"start":{"line":7,"column":0},"end":{"line":54,"column":3}},"3":{"start":{"line":40,"column":15},"end":{"line":40,"column":22}},"4":{"start":{"line":41,"column":15},"end":{"line":41,"column":28}},"5":{"start":{"line":42,"column":23},"end":{"line":47,"column":6}},"6":{"start":{"line":44,"column":6},"end":{"line":46,"column":244}},"7":{"start":{"line":48,"column":4},"end":{"line":52,"column":6}},"8":{"start":{"line":55,"column":0},"end":{"line":55,"column":13}},"9":{"start":{"line":56,"column":0},"end":{"line":56,"column":62}},"10":{"start":{"line":57,"column":0},"end":{"line":57,"column":24}},"11":{"start":{"line":58,"column":12},"end":{"line":58,"column":26}},"12":{"start":{"line":59,"column":17},"end":{"line":59,"column":37}},"13":{"start":{"line":60,"column":17},"end":{"line":63,"column":1}},"14":{"start":{"line":65,"column":4},"end":{"line":77,"column":23}},"15":{"start":{"line":66,"column":63},"end":{"line":66,"column":91}},"16":{"start":{"line":79,"column":0},"end":{"line":79,"column":24}},"17":{"start":{"line":80,"column":1},"end":{"line":80,"column":48}}},"fnMap":{"0":{"name":"(anonymous_0)","decl":{"start":{"line":39,"column":9},"end":{"line":39,"column":10}},"loc":{"start":{"line":39,"column":30},"end":{"line":53,"column":3}},"line":39},"1":{"name":"(anonymous_1)","decl":{"start":{"line":42,"column":43},"end":{"line":42,"column":44}},"loc":{"start":{"line":42,"column":55},"end":{"line":47,"column":5}},"line":42},"2":{"name":"render","decl":{"start":{"line":64,"column":9},"end":{"line":64,"column":15}},"loc":{"start":{"line":64,"column":30},"end":{"line":78,"column":1}},"line":64},"3":{"name":"(anonymous_3)","decl":{"start":{"line":66,"column":43},"end":{"line":66,"column":44}},"loc":{"start":{"line":66,"column":61},"end":{"line":66,"column":93}},"line":66}},"branchMap":{"0":{"loc":{"start":{"line":66,"column":17},"end":{"line":66,"column":94}},"type":"binary-expr","locations":[{"start":{"line":66,"column":17},"end":{"line":66,"column":26}},{"start":{"line":66,"column":31},"end":{"line":66,"column":93}}],"line":66},"1":{"loc":{"start":{"line":71,"column":12},"end":{"line":73,"column":61}},"type":"cond-expr","locations":[{"start":{"line":72,"column":19},"end":{"line":72,"column":92}},{"start":{"line":73,"column":18},"end":{"line":73,"column":61}}],"line":71}},"s":{"0":2,"1":2,"2":2,"3":3,"4":3,"5":3,"6":3,"7":3,"8":2,"9":2,"10":2,"11":2,"12":2,"13":2,"14":3,"15":0,"16":2,"17":2},"f":{"0":3,"1":3,"2":3,"3":0},"b":{"0":[3,3],"1":[1,2]},"inputSourceMap":{"0":"{","1":"\"","2":"v","3":"e","4":"r","5":"s","6":"i","7":"o","8":"n","9":"\"","10":":","11":"3","12":",","13":"\"","14":"s","15":"o","16":"u","17":"r","18":"c","19":"e","20":"s","21":"\"","22":":","23":"[","24":"\"","25":"E","26":":","27":"\\","28":"\\","29":"V","30":"u","31":"e","32":"_","33":"N","34":"o","35":"t","36":"J","37":"s","38":"\\","39":"\\","40":"青","41":"训","42":"营","43":"大","44":"项","45":"目","46":"\\","47":"\\","48":"r","49":"e","50":"e","51":"d","52":"-","53":"d","54":"\\","55":"\\","56":"c","57":"o","58":"m","59":"p","60":"o","61":"n","62":"e","63":"n","64":"t","65":"s","66":"\\","67":"\\","68":"l","69":"i","70":"b","71":"\\","72":"\\","73":"b","74":"u","75":"t","76":"t","77":"o","78":"n","79":"\\","80":"\\","81":"s","82":"r","83":"c","84":"\\","85":"\\","86":"m","87":"a","88":"i","89":"n","90":".","91":"v","92":"u","93":"e","94":"\"","95":"]","96":",","97":"\"","98":"n","99":"a","100":"m","101":"e","102":"s","103":"\"","104":":","105":"[","106":"]","107":",","108":"\"","109":"m","110":"a","111":"p","112":"p","113":"i","114":"n","115":"g","116":"s","117":"\"","118":":","119":"\"","120":";","121":";","122":";","123":";","124":";","125":"A","126":"A","127":"Y","128":"A","129":";","130":"A","131":"A","132":"E","133":"A","134":",","135":"k","136":"B","137":"A","138":"A","139":"e","140":",","141":"y","142":"B","143":"A","144":"A","145":"e","146":",","147":"E","148":"A","149":"A","150":"C","151":";","152":"E","153":"A","154":"C","155":"7","156":"B","157":",","158":"I","159":"A","160":"A","161":"I","162":",","163":"E","164":"A","165":"A","166":"E","167":",","168":"U","169":"A","170":"A","171":"U","172":";","173":"E","174":"A","175":"C","176":"h","177":"B","178":",","179":"K","180":"A","181":"A","182":"K","183":",","184":"E","185":"A","186":"A","187":"E","188":";","189":"I","190":"A","191":"C","192":"L","193":",","194":"I","195":"A","196":"A","197":"I","198":",","199":"E","200":"A","201":"A","202":"C","203":";","204":"M","205":"A","206":"C","207":"H","208":",","209":"I","210":"A","211":"A","212":"I","213":",","214":"E","215":"A","216":"A","217":"E","218":",","219":"M","220":"A","221":"A","222":"4","223":"B","224":";","225":"M","226":"A","227":"C","228":"l","229":"C","230":",","231":"O","232":"A","233":"A","234":"O","235":",","236":"E","237":"A","238":"A","239":"E","240":";","241":"K","242":"A","243":"C","244":"V","245":";","246":"I","247":"A","248":"C","249":"D","250":",","251":"K","252":"A","253":"A","254":"K","255":",","256":"E","257":"A","258":"A","259":"C","260":";","261":"M","262":"A","263":"C","264":"J","265":",","266":"I","267":"A","268":"A","269":"I","270":",","271":"E","272":"A","273":"A","274":"E","275":",","276":"M","277":"A","278":"A","279":"6","280":"B","281":";","282":"M","283":"A","284":"C","285":"n","286":"C","287":",","288":"O","289":"A","290":"A","291":"O","292":",","293":"E","294":"A","295":"A","296":"E","297":";","298":"K","299":"A","300":"C","301":"V","302":";","303":"I","304":"A","305":"C","306":"D","307":",","308":"I","309":"A","310":"A","311":"I","312":",","313":"E","314":"A","315":"A","316":"E","317":";","318":"M","319":"A","320":"C","321":"J","322":",","323":"I","324":"A","325":"A","326":"I","327":",","328":"E","329":"A","330":"A","331":"E","332":",","333":"M","334":"A","335":"A","336":"4","337":"B","338":";","339":"M","340":"A","341":"C","342":"l","343":"C","344":",","345":"O","346":"A","347":"A","348":"O","349":",","350":"E","351":"A","352":"A","353":"E","354":";","355":"K","356":"A","357":"C","358":"V","359":";","360":"I","361":"A","362":"C","363":"D","364":",","365":"M","366":"A","367":"A","368":"M","369":",","370":"E","371":"A","372":"A","373":"E","374":";","375":"M","376":"A","377":"C","378":"N","379":",","380":"I","381":"A","382":"A","383":"I","384":",","385":"E","386":"A","387":"A","388":"E","389":",","390":"O","391":"A","392":"A","393":"4","394":"B","395":";","396":"M","397":"A","398":"C","399":"l","400":"C","401":",","402":"O","403":"A","404":"A","405":"O","406":",","407":"E","408":"A","409":"A","410":"E","411":";","412":"K","413":"A","414":"C","415":"V","416":";","417":"I","418":"A","419":"C","420":"D","421":",","422":"K","423":"A","424":"A","425":"K","426":",","427":"E","428":"A","429":"A","430":"E","431":";","432":"M","433":"A","434":"C","435":"L","436":",","437":"I","438":"A","439":"A","440":"I","441":",","442":"E","443":"A","444":"A","445":"E","446":",","447":"O","448":"A","449":"A","450":"4","451":"B","452":";","453":"M","454":"A","455":"C","456":"l","457":"C","458":",","459":"O","460":"A","461":"A","462":"O","463":",","464":"E","465":"A","466":"A","467":"E","468":";","469":"K","470":"A","471":"C","472":"V","473":";","474":"I","475":"A","476":"C","477":"D","478":",","479":"O","480":"A","481":"A","482":"O","483":",","484":"E","485":"A","486":"A","487":"E","488":";","489":"M","490":"A","491":"C","492":"P","493":",","494":"I","495":"A","496":"A","497":"I","498":",","499":"E","500":"A","501":"A","502":"E","503":",","504":"O","505":"A","506":"A","507":"4","508":"B","509":";","510":"M","511":"A","512":"C","513":"l","514":"C","515":",","516":"O","517":"A","518":"A","519":"O","520":",","521":"E","522":"A","523":"A","524":"E","525":";","526":"K","527":"A","528":"C","529":"V","530":";","531":"I","532":"A","533":"C","534":"D","535":",","536":"Q","537":"A","538":"A","539":"Q","540":",","541":"E","542":"A","543":"A","544":"E","545":";","546":"M","547":"A","548":"C","549":"R","550":",","551":"I","552":"A","553":"A","554":"I","555":",","556":"E","557":"A","558":"A","559":"E","560":",","561":"O","562":"A","563":"A","564":"4","565":"B","566":";","567":"M","568":"A","569":"C","570":"l","571":"C","572":",","573":"O","574":"A","575":"A","576":"O","577":",","578":"E","579":"A","580":"A","581":"E","582":";","583":";","584":"G","585":"A","586":"E","587":"Z","588":";","589":"E","590":"A","591":"C","592":"D","593":",","594":"K","595":"A","596":"A","597":"K","598":",","599":"E","600":"A","601":"A","602":"L","603":",","604":"U","605":"A","606":"A","607":"M","608":",","609":"K","610":"A","611":"A","612":"K","613":",","614":"E","615":"A","616":"A","617":"C","618":",","619":"E","620":"A","621":"A","622":"M","623":";","624":"Q","625":"A","626":"A","627":"L","628":",","629":"I","630":"A","631":"A","632":"I","633":";","634":"I","635":"A","636":"C","637":"b","638":",","639":"I","640":"A","641":"A","642":"M","643":",","644":"I","645":"A","646":"A","647":"I","648":",","649":"G","650":"A","651":"A","652":"W","653":",","654":"K","655":"A","656":"A","657":"K","658":",","659":"C","660":"A","661":"A","662":"C","663":",","664":"O","665":"A","666":"A","667":"O","668":";","669":"I","670":"A","671":"C","672":"l","673":"C","674":",","675":"I","676":"A","677":"A","678":"M","679":",","680":"Y","681":"A","682":"A","683":"Y","684":",","685":"G","686":"A","687":"A","688":"G","689":",","690":"k","691":"B","692":"A","693":"A","694":"Q","695":",","696":"E","697":"A","698":"A","699":"C","700":";","701":";","702":"M","703":"A","704":"C","705":"5","706":"B","707":";","708":"Q","709":"A","710":"C","711":"E","712":",","713":"W","714":"A","715":"A","716":"W","717":",","718":"E","719":"A","720":"A","721":"E","722":";","723":"S","724":"A","725":"C","726":"b","727":",","728":"G","729":"A","730":"A","731":"C","732":",","733":"q","734":"B","735":"A","736":"A","737":"c","738":",","739":"K","740":"A","741":"A","742":"K","743":",","744":"C","745":"A","746":"A","747":"C","748":",","749":"I","750":"A","751":"A","752":"I","753":",","754":"C","755":"A","756":"A","757":"E","758":",","759":"I","760":"A","761":"A","762":"G","763":",","764":"K","765":"A","766":"A","767":"K","768":",","769":"C","770":"A","771":"A","772":"C","773":",","774":"I","775":"A","776":"A","777":"I","778":",","779":"E","780":"A","781":"C","782":"x","783":"C","784":",","785":"Y","786":"A","787":"A","788":"Q","789":",","790":"G","791":"A","792":"A","793":"E","794":",","795":"K","796":"A","797":"A","798":"K","799":",","800":"C","801":"A","802":"A","803":"C","804":",","805":"M","806":"A","807":"A","808":"M","809":",","810":"E","811":"A","812":"C","813":"t","814":"B","815":",","816":"G","817":"A","818":"A","819":"C","820":",","821":"g","822":"B","823":"A","824":"A","825":"S","826":",","827":"K","828":"A","829":"A","830":"K","831":",","832":"C","833":"A","834":"A","835":"C","836":",","837":"K","838":"A","839":"A","840":"K","841":",","842":"C","843":"A","844":"A","845":"E","846":",","847":"I","848":"A","849":"A","850":"G","851":",","852":"K","853":"A","854":"A","855":"K","856":",","857":"C","858":"A","859":"A","860":"C","861":",","862":"K","863":"A","864":"A","865":"K","866":",","867":"E","868":"A","869":"C","870":"r","871":"C","872":",","873":"G","874":"A","875":"A","876":"C","877":",","878":"e","879":"A","880":"A","881":"Q","882":",","883":"K","884":"A","885":"A","886":"K","887":",","888":"C","889":"A","890":"A","891":"C","892":",","893":"I","894":"A","895":"A","896":"I","897":",","898":"C","899":"A","900":"A","901":"E","902":",","903":"I","904":"A","905":"A","906":"G","907":",","908":"K","909":"A","910":"A","911":"K","912":",","913":"C","914":"A","915":"A","916":"C","917":",","918":"I","919":"A","920":"A","921":"I","922":",","923":"E","924":"A","925":"C","926":"l","927":"C","928":",","929":"W","930":"A","931":"A","932":"O","933":",","934":"G","935":"A","936":"A","937":"E","938":",","939":"K","940":"A","941":"A","942":"K","943":",","944":"C","945":"A","946":"A","947":"C","948":",","949":"K","950":"A","951":"A","952":"K","953":",","954":"E","955":"A","956":"C","957":"p","958":"B","959":",","960":"a","961":"A","962":"A","963":"S","964":",","965":"G","966":"A","967":"A","968":"C","969":",","970":"K","971":"A","972":"A","973":"K","974":",","975":"C","976":"A","977":"A","978":"C","979":",","980":"Q","981":"A","982":"A","983":"Q","984":";","985":"I","986":"A","987":"E","988":"5","989":"B","990":",","
[...]
,"E:\\Vue_NotJs\\青训营大项目\\reed-d\\components\\lib\\table\\src\\pop.vue": {"path":"E:\\Vue_NotJs\\青训营大项目\\reed-d\\components\\lib\\table\\src\\pop.vue","statementMap":{"0":{"start":{"line":4,"column":0},"end":{"line":6,"column":3}},"1":{"start":{"line":7,"column":0},"end":{"line":7,"column":25}},"2":{"start":{"line":37,"column":0},"end":{"line":37,"column":13}},"3":{"start":{"line":38,"column":0},"end":{"line":38,"column":62}},"4":{"start":{"line":39,"column":0},"end":{"line":39,"column":24}},"5":{"start":{"line":40,"column":12},"end":{"line":40,"column":26}},"6":{"start":{"line":41,"column":31},"end":{"line":41,"column":111}},"7":{"start":{"line":43,"column":4},"end":{"line":49,"column":23}},"8":{"start":{"line":51,"column":0},"end":{"line":51,"column":24}},"9":{"start":{"line":52,"column":1},"end":{"line":52,"column":48}}},"fnMap":{"0":{"name":"render","decl":{"start":{"line":42,"column":9},"end":{"line":42,"column":15}},"loc":{"start":{"line":42,"column":30},"end":{"line":50,"column":1}},"line":42}},"branchMap":{},"s":{"0":1,"1":1,"2":1,"3":1,"4":1,"5":1,"6":1,"7":7,"8":1,"9":1},"f":{"0":7},"b":{},"inputSourceMap":{"0":"{","1":"\"","2":"v","3":"e","4":"r","5":"s","6":"i","7":"o","8":"n","9":"\"","10":":","11":"3","12":",","13":"\"","14":"s","15":"o","16":"u","17":"r","18":"c","19":"e","20":"s","21":"\"","22":":","23":"[","24":"\"","25":"E","26":":","27":"\\","28":"\\","29":"V","30":"u","31":"e","32":"_","33":"N","34":"o","35":"t","36":"J","37":"s","38":"\\","39":"\\","40":"青","41":"训","42":"营","43":"大","44":"项","45":"目","46":"\\","47":"\\","48":"r","49":"e","50":"e","51":"d","52":"-","53":"d","54":"\\","55":"\\","56":"c","57":"o","58":"m","59":"p","60":"o","61":"n","62":"e","63":"n","64":"t","65":"s","66":"\\","67":"\\","68":"l","69":"i","70":"b","71":"\\","72":"\\","73":"t","74":"a","75":"b","76":"l","77":"e","78":"\\","79":"\\","80":"s","81":"r","82":"c","83":"\\","84":"\\","85":"p","86":"o","87":"p","88":".","89":"v","90":"u","91":"e","92":"\"","93":"]","94":",","95":"\"","96":"n","97":"a","98":"m","99":"e","100":"s","101":"\"","102":":","103":"[","104":"]","105":",","106":"\"","107":"m","108":"a","109":"p","110":"p","111":"i","112":"n","113":"g","114":"s","115":"\"","116":":","117":"\"","118":";","119":";","120":";","121":";","122":";","123":";","124":";","125":"A","126":"A","127":"S","128":"A","129":";","130":"A","131":"A","132":"A","133":"A","134":";","135":"A","136":"A","137":"A","138":"A","139":";","140":"A","141":"A","142":"A","143":"q","144":"C","145":";","146":"A","147":"A","148":"A","149":"A","150":";","151":"A","152":"A","153":"C","154":"t","155":"B","156":";","157":"A","158":"A","159":"A","160":"A","161":";","162":"A","163":"A","164":"A","165":"A","166":";","167":"A","168":"A","169":"A","170":"A","171":";","172":"A","173":"A","174":"A","175":"A","176":";","177":"A","178":"A","179":"A","180":"A","181":",","182":"e","183":"A","184":"A","185":"e","186":",","187":"E","188":"A","189":"A","190":"C","191":";","192":"E","193":"A","194":"C","195":"3","196":"B","197":",","198":"I","199":"A","200":"A","201":"I","202":",","203":"E","204":"A","205":"A","206":"E","207":",","208":"O","209":"A","210":"A","211":"O","212":";","213":"E","214":"A","215":"C","216":"b","217":",","218":"K","219":"A","220":"A","221":"K","222":",","223":"E","224":"A","225":"A","226":"E","227":";","228":"I","229":"A","230":"C","231":"H","232":",","233":"K","234":"A","235":"A","236":"K","237":",","238":"E","239":"A","240":"A","241":"E","242":";","243":"M","244":"A","245":"C","246":"H","247":",","248":"I","249":"A","250":"A","251":"I","252":",","253":"E","254":"A","255":"A","256":"E","257":",","258":"M","259":"A","260":"A","261":"M","262":";","263":"M","264":"A","265":"C","266":"Z","267":",","268":"O","269":"A","270":"A","271":"O","272":",","273":"E","274":"A","275":"A","276":"E","277":";","278":"I","279":"A","280":"C","281":"b","282":";","283":"E","284":"A","285":"C","286":"J","287":",","288":"C","289":"A","290":"A","291":"C","292":";","293":"E","294":"A","295":"C","296":"D","297":",","298":"K","299":"A","300":"A","301":"K","302":",","303":"C","304":"A","305":"A","306":"C","307":",","308":"K","309":"A","310":"A","311":"K","312":",","313":"E","314":"A","315":"A","316":"C","317":";","318":"I","319":"A","320":"C","321":"R","322":",","323":"M","324":"A","325":"A","326":"M","327":";","328":"M","329":"A","330":"A","331":"C","332":";","333":"I","334":"A","335":"A","336":"K","337":",","338":"C","339":"A","340":"A","341":"C","342":",","343":"G","344":"A","345":"A","346":"G","347":",","348":"K","349":"A","350":"A","351":"K","352":";","353":"I","354":"A","355":"C","356":"r","357":"B","358":",","359":"O","360":"A","361":"A","362":"O","363":";","364":"M","365":"A","366":"C","367":"H","368":";","369":"I","370":"A","371":"C","372":"J","373":",","374":"C","375":"A","376":"A","377":"C","378":";","379":"E","380":"A","381":"C","382":"L","383":";","384":"A","385":"A","386":"E","387":"J","388":",","389":"C","390":"A","391":"A","392":"C","393":",","394":"C","395":"A","396":"A","397":"C","398":";","399":"A","400":"A","401":"A","402":"A","403":";","404":"A","405":"A","406":"A","407":"A","408":"\"","409":",","410":"\"","411":"f","412":"i","413":"l","414":"e","415":"\"","416":":","417":"\"","418":"E","419":":","420":"\\","421":"\\","422":"V","423":"u","424":"e","425":"_","426":"N","427":"o","428":"t","429":"J","430":"s","431":"\\","432":"\\","433":"青","434":"训","435":"营","436":"大","437":"项","438":"目","439":"\\","440":"\\","441":"r","442":"e","443":"e","444":"d","445":"-","446":"d","447":"\\","448":"\\","449":"c","450":"o","451":"m","452":"p","453":"o","454":"n","455":"e","456":"n","457":"t","458":"s","459":"\\","460":"\\","461":"l","462":"i","463":"b","464":"\\","465":"\\","466":"t","467":"a","468":"b","469":"l","470":"e","471":"\\","472":"\\","473":"s","474":"r","475":"c","476":"\\","477":"\\","478":"p","479":"o","480":"p","481":".","482":"v","483":"u","484":"e","485":"\"","486":",","487":"\"","488":"s","489":"o","490":"u","491":"r","492":"c","493":"e","494":"s","495":"C","496":"o","497":"n","498":"t","499":"e","500":"n","501":"t","502":"\"","503":":","504":"[","505":"\"","506":"<","507":"t","508":"e","509":"m","510":"p","511":"l","512":"a","513":"t","514":"e","515":">","516":"\\","517":"r","518":"\\","519":"n","520":" ","521":" ","522":"<","523":"d","524":"i","525":"v","526":" ","527":"c","528":"l","529":"a","530":"s","531":"s","532":"=","533":"\\","534":"\"","535":"f","536":"a","537":"t","538":"h","539":"e","540":"r","541":"\\","542":"\"","543":" ","544":":","545":"s","546":"t","547":"y","548":"l","549":"e","550":"=","551":"\\","552":"\"","553":"{","554":"w","555":"i","556":"d","557":"t","558":"h","559":":","560":"w","561":"i","562":"d","563":"t","564":"h","565":"+","566":"'","567":"p","568":"x","569":"'","570":"}","571":"\\","572":"\"","573":">","574":"\\","575":"r","576":"\\","577":"n","578":" ","579":" ","580":" ","581":" ","582":" ","583":" ","584":"<","585":"s","586":"l","587":"o","588":"t","589":">","590":"<","591":"/","592":"s","593":"l","594":"o","595":"t","596":">","597":"\\","598":"r","599":"\\","600":"n","601":" ","602":" ","603":" ","604":" ","605":"<","606":"d","607":"i","608":"v","609":" ","610":"c","611":"l","612":"a","613":"s","614":"s","615":"=","616":"\\","617":"\"","618":"c","619":"h","620":"i","621":"l","622":"d","623":"\\","624":"\"","625":">","626":"\\","627":"r","628":"\\","629":"n","630":" ","631":" ","632":" ","633":" ","634":"<","635":"/","636":"d","637":"i","638":"v","639":">","640":"\\","641":"r","642":"\\","643":"n","644":" ","645":" ","646":"<","647":"/","648":"d","649":"i","650":"v","651":">","652":"\\","653":"r","654":"\\","655":"n","656":"<","657":"/","658":"t","659":"e","660":"m","661":"p","662":"l","663":"a","664":"t","665":"e","666":">","667":"\\","668":"r","669":"\\","670":"n","671":"\\","672":"r","673":"\\","674":"n","675":"<","676":"s","677":"c","678":"r","679":"i","680":"p","681":"t","682":">","683":"\\","684":"r","685":"\\","686":"n","687":"i","688":"m","689":"p","690":"o","691":"r","692":"t","693":" ","694":"{","695":" ","696":"d","697":"e","698":"f","699":"i","700":"n","701":"e","702":"C","703":"o","704":"m","705":"p","706":"o","707":"n","708":"e","709":"n","710":"t","711":" ","712":"}","713":" ","714":"f","715":"r","716":"o","717":"m","718":" ","719":"'","720":"v","721":"u","722":"e","723":"'","724":"\\","725":"r","726":"\\","727":"n","728":"e","729":"x","730":"p","731":"o","732":"r","733":"t","734":" ","735":"d","736":"e","737":"f","738":"a","739":"u","740":"l","741":"t","742":" ","743":"d","744":"e","745":"f","746":"i","747":"n","748":"e","749":"C","750":"o","751":"m","752":"p","753":"o","754":"n","755":"e","756":"n","757":"t","758":"(","759":"{","760":"\\","761":"r","762":"\\","763":"n","764":" ","765":" ","766":" ","767":" ","768":"n","769":"a","770":"m","771":"e","772":":","773":" ","774":"'","775":"r","776":"d","777":"P","778":"o","779":"p","780":"'","781":",","782":"\\","783":"r","784":"\\","785":"n","786":" ","787":" ","788":" ","789":" ","790":"p","791":"r","792":"o","793":"p","794":"s","795":":","796":" ","797":"{","798":"\\","799":"r","800":"\\","801":"n","802":" ","803":" ","804":" ","805":" ","806":" ","807":" ","808":" ","809":" ","810":"w","811":"i","812":"d","813":"t","814":"h","815":":","816":" ","817":"{","818":"\\","819":"r","820":"\\","821":"n","822":" ","823":" ","824":" ","825":" ","826":" ","827":" ","828":" ","829":" ","830":" ","831":" ","832":" ","833":" ","834":"t","835":"y","836":"p","837":"e","838":":","839":" ","840":"N","841":"u","842":"m","843":"b","844":"e","845":"r","846":",","847":"\\","848":"r","849":"\\","850":"n","851":" ","852":" ","853":" ","854":" ","855":" ","856":" ","857":" ","858":" ","859":" ","860":" ","861":" ","862":" ","863":"d","864":"e","865":"f","866":"a","867":"u","868":"l","869":"t","870":":","871":" ","872":"1","873":"0","874":"0","875":"\\","876":"r","877":"\\","878":"n","879":" ","880":" ","881":" ","882":" ","883":" ","884":" ","885":" ","886":" ","887":"}","888":"\\","889":"r","890":"\\","891":"n","892":" ","893":" ","894":" ","895":" ","896":"}","897":",","898":"\\","899":"r","900":"\\","901":"n","902":" ","903":" ","904":" ","905":" ","906":"s","907":"e","908":"t","909":"u","910":"p","911":"(","912":"p","913":"r","914":"o","915":"p","916":"s","917":")","918":"{","919":"\\","920":"r","921":"\\","922":"n","923":" ","924":" ","925":" ","926":" ","927":" ","928":" ","929":" ","930":" ","931":"c","932":"o","933":"n","934":"s","935":"t","936":" ","937":"{","938":"w","939":"i","940":"d","941":"t","942":"h","943":"}","944":" ","945":"=","946":" ","947":"p","948":"r","949":"o","950":"p","951":"s","952":"\\","953":"r","954":"\\","955":"n","956":" ","957":" ","958":" ","959":" ","960":" ","961":" ","962":" ","963":" ","964":"r","965":"e","966":"t","967":"u","968":"r","969":"n","970":" ","971":"{","972":"\\","973":"r","974":"\\","975":"n","976":" ","977":" ","978":" ","979":" ","980":" ","981":" ","982":" ","983":" ","984":" ","985":" ","986":" ","987":" ","988":"w","989":"i","990":"d","991":"t","992":"h","993":"\\","994":"r","995":"\\","996":"n","997":" ","998":" ","999":" ","1000":" ","1001":" ","1002":" ","1003":" ","1004":" ","1005":"}","1006":"\\","1007":"r","1008":"\\","1009":"n","1010":" ","1011":" ","1012":" ","1013":" ","1014":"}","1015":"\\","1016":"r","1017":"\\","1018":"n","1019":"\\","1020":"r","1021":"\\","1022":"n","1023":"}","1024":")","1025":"\\","1026":"r","1027":"\\","1028":"n","1029":"<","1030":"/","1031":"s","1032":"c","1033":"r","1034":"i","1035":"p","1036":"t","1037":">","1038":"\\","1039":"r","1040":"\\","1041":"n","1042":"\\","1043":"r","1044":"\\","1045":"n","1046":"<","1047":"s","1048":"t","1049":"y","1050":"l","1051":"e","1052":" ","1053":"l","1054":"a","1055":"n","1056":"g","1057":"=","1058":"'","1059":"s","1060":"c","1061":"s","1062":"s","1063":"'","1064":" ","1065":"s","1066":"c","1067":"o","1068":"p","1069":"e","1070":"d","1071":">","1072":"\\","1073":"r","1074":"\\","1075":"n","1076":" ","1077":" ","1078":" ","1079":" ","1080":".","1081":"f","1082":"a","1083":"t","1084":"h","1085":"e","1086":"r","1087":"{","1088":"\\","1089":"r","1090":"\\","1091":"n","1092":" ","1093":" ","1094":" ","1095":" ","1096":" ","1097":" ","1098":" ","1099":" ","1100":"b","1101":"a","1102":"c","1103":"k","1104":"g","1105":"r","1106":"o","1107":"u","1108":"n","1109":"d","1110":"-","1111":"c","1112":"o","1113":"l","1114":"o","1115":"r","1116":":","1117":" ","1118":"b","1119":"l","1120":"a","1121":"c","1122":"k","1123":";","1124":"\\","1125":"r","1126":"\\","1127":"n","1128":" ","1129":" ","1130":" ","1131":" ","1132":" ","1133":" ","1134":" ","1135":" ","1136":"c","1137":"o","1138":"l","1139":"o","1140":"r","1141":":","1142":"w","1143":"h","1144":"i","1145":"t","1146":"e","1147":";","1148":"\\","1149":"r","1150":"\\","1151":"n","1152":" ","1153":" ","1154":" ","1155":" ","1156":" ","1157":" ","1158":" ","1159":" ","1160":"p","1161":"o","1162":"s","1163":"i","1164":"t","1165":"i","1166":"o","1167":"n","1168":":","1169":" ","1170":"r","1171":"e","1172":"l","1173":"a","1174":"t","1175":"i","1176":"v","1177":"e","1178":";","1179":"\\","1180":"r","1181":"\\","1182":"n","1183":" ","1184":" ","1185":" ","1186":" ","1187":" ","1188":" ","1189":" ","1190":" ","1191":"d","1192":"i","1193":"s","1194":"p","1195":"l","1196":"a","1197":"y","1198":":","1199":" ","1200":"i","1201":"n","1202":"l","1203":"i","1204":"n","1205":"e","1206":"-","1207":"b","1208":"l","1209":"o","1210":"c","1211":"k","1212":";","1213":"\\","1214":"r","1215":"\\","1216":"n","1217":" ","1218":" ","1219":" ","1220":" ","1221":" ","1222":" ","1223":" ","1224":" ","1225":"b","1226":"o","1227":"r","1228":"d","1229":"e","1230":"r","1231":"-","1232":"r","1233":"a","1234":"d","1235":"i","1236":"u","1237":"s","1238":":","1239":" ","1240":"1","1241":"0","1242":"p","1243":"x","1244":";","1245":"\\","1246":"r","1247":"\\","1248":"n","1249":" ","1250":" ","1251":" ","1252":" ","1253":" ","1254":" ","1255":" ","1256":" ","1257":"p","1258":"a","1259":"d","1260":"d","1261":"i","1262":"n","1263":"g","1264":":","1265":" ","1266":"1","1267":"5","1268":"p","1269":"x","1270":";","1271":"\\","1272":"r","1273":"\\","1274":"n","1275":" ","1276":" ","1277":" ","1278":" ","1279":" ","1280":" ","1281":" ","1282":" ","1283":".","1284":"c","1285":"h","1286":"i","1287":"l","1288":"d","1289":"{","1290":"\\","1291":"r","1292":"\\","1293":"n","1294":" ","1295":" ","1296":" ","1297":" ","1298":" ","1299":" ","1300":" ","1301":" ","1302":" ","1303":" ","1304":" ","1305":" ","1306":"p","1307":"o","1308":"s","1309":"i","1310":"t","1311":"i","1312":"o","1313":"n","1314":":","1315":" ","1316":"a","1317":"b","1318":"s","1319":"o","1320":"l","1321":"u","1322":"t","1323":"e","1324":";","1325":"\\","1326":"r","1327":"\\","1328":"n","1329":" ","1330":" ","1331":" ","1332":" ","1333":" ","1334":" ","1335":" ","1336":" ","1337":" ","1338":" ","1339":" ","1340":" ","1341":"t","1342":"o","1343":"p","1344":":","1345":" ","1346":"-","1347":"3","1348":"0","1349":"p","1350":"x","1351":";","1352":"\\","1353":"r","1354":"\\","1355":"n","1356":" ","1357":" ","1358":" ","1359":" ","1360":" ","1361":" ","1362":" ","1363":" ","1364":" ","1365":" ","1366":" ","1367":" ","1368":"l","1369":"e","1370":"f","1371":"t","1372":":","1373":"0","1374":"p","1375":"x","1376":";","1377":"\\","1378":"r","1379":"\\","1380":"n","1381":" ","1382":" ","1383":" ","1384":" ","1385":" ","1386":" ","1387":" ","1388":" ","1389":" ","1390":" ","1391":" ","1392":" ","1393":"w","1394":"i","1395":"d","1396":"t","1397":"h","1398":":","1399":"0","1400":"p","1401":"x","1402":";","1403":"\\","1404":"r","1405":"\\","1406":"n","1407":" ","1408":" ","1409":" ","1410":" ","1411":" ","1412":" ","1413":" ","1414":" ","1415":" ","1416":" ","1417":" ","1418":" ","1419":"h","1420":"e","1421":"i","1422":"g","1423":"h","1424":"t","1425":":","1426":"0","1427":"p","1428":"x","1429":";","1430":"\\","1431":"r","1432":"\\","1433":"n","1434":" ","1435":" ","1436":" ","1437":" ","1438":" ","1439":" ","1440":" ","1441":" ","1442":" ","1443":" ","1444":" ","1445":" ","1446":"b","1447":"o","1448":"r","1449":"d","1450":"e","1451":"r","1452":":","1453":" ","1454":"2","1455":"0","1456":"p","1457":"x","1458":" ","1459":"s","1460":"o","1461":"l","1462":"i","1463":"d","1464":" ","1465":"b","1466":"l","1467":"a","1468":"c","1469":"k","1470":";","1471":"\\","1472":"r","1473":"\\","1474":"n","1475":" ","1476":" ","1477":" ","1478":" ","1479":" ","1480":" ","1481":" ","1482":" ","1483":" ","1484":" ","1485":" ","1486":" ","1487":"b","1488":"o","1489":"r","1490":"d","1491":"e","1492":"r","1493":"-","1494":"c","1495":"o","1496":"l","1497":"o","1498":"r","1499":":","1500":" ","1501":"t","1502":"r","1503":"a","1504":"n","1505":"s","1506":"p","1507":"a","1508":"r","1509":"e","1510":"n","1511":"t","1512":" ","1513":"t","1514":"r","1515":"a","1516":"n","1517":"s","1518":"p","1519":"a","1520":"r","1521":"e","1522":"n","1523":"t","1524":" ","1525":"b","1526":"l","1527":"a","1528":"c","1529":"k","1530":" ","1531":"t","1532":"r","1533":"a","1534":"n","1535":"s","1536":"p","1537":"a","1538":"r","1539":"e","1540":"n","1541":"t","1542":"\\","1543":"r","1544":"\\","1545":"n","1546":" ","1547":" ","1548":" ","1549":" ","1550":" ","1551":" ","1552":" ","1553":" ","1554":"}","1555":"\\","1556":"r","1557":"\\","1558":"n","1559":" ","1560":" ","1561":" ","1562":" ","1563":"}","1564":"\\","1565":"r","1566":"\\","1567":"n","1568":"<","1569":"/","1570":"s","1571":"t","1572":"y","1573":"l","1574":"e","1575":">","1576":"\"","1577":"]","1578":"}"},"_coverageSchema":"1a1c01bbd47fc00a2c39e90264f33305004495a9","hash":"9087f1f1ee0d7d10e420a96715a07b29cebc756b"}
,"E:\\Vue_NotJs\\青训营大项目\\reed-d\\components\\lib\\table\\src\\assets\\images\\empty.png": {"path":"E:\\Vue_NotJs\\青训营大项目\\reed-d\\components\\lib\\table\\src\\assets\\images\\empty.png","statementMap":{"0":{"start":{"line":1,"column":0},"end":{"line":1,"column":19}}},"fnMap":{},"branchMap":{},"s":{"0":1},"f":{},"b":{},"_coverageSchema":"1a1c01bbd47fc00a2c39e90264f33305004495a9","hash":"64141b67ca4fd83455977db15d717633a2fdc02f"}
,"E:\\Vue_NotJs\\青训营大项目\\reed-d\\components\\lib\\table\\src\\assets\\images\\loading.png": {"path":"E:\\Vue_NotJs\\青训营大项目\\reed-d\\components\\lib\\table\\src\\assets\\images\\loading.png","statementMap":{"0":{"start":{"line":1,"column":0},"end":{"line":1,"column":19}}},"fnMap":{},"branchMap":{},"s":{"0":1},"f":{},"b":{},"_coverageSchema":"1a1c01bbd47fc00a2c39e90264f33305004495a9","hash":"3276132cf6fb85580e7525cc1fd5a826ea2bdd5c"}
}
