TN:
SF:components\lib\avatar\src\main.vue
FN:44,(anonymous_0)
FN:53,(anonymous_1)
FN:58,(anonymous_2)
FN:71,(anonymous_3)
FN:76,(anonymous_4)
FN:97,render
FN:110,(anonymous_6)
FNF:7
FNH:5
FNDA:2,(anonymous_0)
FNDA:1,(anonymous_1)
FNDA:2,(anonymous_2)
FNDA:2,(anonymous_3)
FNDA:0,(anonymous_4)
FNDA:2,render
FNDA:0,(anonymous_6)
DA:5,1
DA:8,1
DA:9,1
DA:45,2
DA:46,2
DA:47,2
DA:48,2
DA:49,2
DA:50,2
DA:51,2
DA:52,2
DA:53,2
DA:54,1
DA:58,2
DA:59,2
DA:71,2
DA:72,2
DA:73,2
DA:74,2
DA:76,2
DA:77,0
DA:78,0
DA:80,0
DA:83,2
DA:92,1
DA:93,1
DA:94,1
DA:95,1
DA:96,1
DA:98,2
DA:111,0
DA:112,0
DA:113,0
DA:115,0
DA:122,1
DA:123,1
LF:36
LH:29
BRDA:55,0,0,1
BRDA:55,0,1,0
BRDA:61,1,0,1
BRDA:61,1,1,1
BRDA:62,2,0,1
BRDA:62,2,1,1
BRDA:63,3,0,1
BRDA:63,3,1,1
BRDA:65,4,0,1
BRDA:65,4,1,1
BRDA:66,5,0,0
BRDA:66,5,1,2
BRDA:67,6,0,0
BRDA:67,6,1,2
BRDA:68,7,0,0
BRDA:68,7,1,2
BRDA:73,8,0,2
BRDA:73,8,1,0
BRDA:77,9,0,0
BRDA:77,9,1,0
BRDA:102,10,0,1
BRDA:102,10,1,1
BRDA:108,11,0,1
BRDA:108,11,1,1
BRDA:115,12,0,0
BRDA:115,12,1,0
BRF:26
BRH:17
end_of_record
TN:
SF:components\lib\button\index.ts
FN:3,(anonymous_1)
FNF:1
FNH:0
FNDA:0,(anonymous_1)
DA:2,2
DA:3,2
DA:4,0
DA:6,2
LF:4
LH:3
BRF:0
BRH:0
end_of_record
TN:
SF:components\lib\button\src\main.vue
FN:39,(anonymous_0)
FN:42,(anonymous_1)
FN:64,render
FN:66,(anonymous_3)
FNF:4
FNH:3
FNDA:3,(anonymous_0)
FNDA:3,(anonymous_1)
FNDA:3,render
FNDA:0,(anonymous_3)
DA:3,2
DA:6,2
DA:7,2
DA:40,3
DA:41,3
DA:42,3
DA:44,3
DA:48,3
DA:55,2
DA:56,2
DA:57,2
DA:58,2
DA:59,2
DA:60,2
DA:65,3
DA:66,0
DA:79,2
DA:80,2
LF:18
LH:17
BRDA:66,0,0,3
BRDA:66,0,1,3
BRDA:71,1,0,1
BRDA:71,1,1,2
BRF:4
BRH:4
end_of_record
TN:
SF:components\lib\table\src\main.vue
FN:5,(anonymous_0)
FN:44,(anonymous_1)
FN:57,(anonymous_2)
FN:59,(anonymous_3)
FN:68,(anonymous_4)
FN:71,(anonymous_5)
FN:74,(anonymous_6)
FN:88,(anonymous_7)
FN:103,(anonymous_8)
FN:108,(anonymous_9)
FN:114,(anonymous_10)
FN:123,(anonymous_11)
FN:141,(anonymous_12)
FN:146,(anonymous_13)
FN:237,render
FN:251,(anonymous_15)
FN:270,(anonymous_16)
FN:279,(anonymous_17)
FN:290,(anonymous_18)
FN:291,(anonymous_19)
FN:297,(anonymous_20)
FN:316,(anonymous_21)
FN:326,(anonymous_22)
FN:340,(anonymous_23)
FN:345,(anonymous_24)
FN:365,(anonymous_25)
FN:375,(anonymous_26)
FN:382,(anonymous_27)
FN:388,(anonymous_28)
FN:398,(anonymous_29)
FN:419,(anonymous_30)
FN:438,(anonymous_31)
FNF:32
FNH:22
FNDA:1,(anonymous_0)
FNDA:5,(anonymous_1)
FNDA:5,(anonymous_2)
FNDA:25,(anonymous_3)
FNDA:5,(anonymous_4)
FNDA:5,(anonymous_5)
FNDA:5,(anonymous_6)
FNDA:5,(anonymous_7)
FNDA:0,(anonymous_8)
FNDA:0,(anonymous_9)
FNDA:0,(anonymous_10)
FNDA:1,(anonymous_11)
FNDA:0,(anonymous_12)
FNDA:0,(anonymous_13)
FNDA:7,render
FNDA:35,(anonymous_15)
FNDA:35,(anonymous_16)
FNDA:25,(anonymous_17)
FNDA:7,(anonymous_18)
FNDA:14,(anonymous_19)
FNDA:0,(anonymous_20)
FNDA:0,(anonymous_21)
FNDA:1,(anonymous_22)
FNDA:0,(anonymous_23)
FNDA:0,(anonymous_24)
FNDA:35,(anonymous_25)
FNDA:12,(anonymous_26)
FNDA:0,(anonymous_27)
FNDA:60,(anonymous_28)
FNDA:30,(anonymous_29)
FNDA:1,(anonymous_30)
FNDA:1,(anonymous_31)
DA:5,1
DA:6,1
DA:10,1
DA:13,1
DA:14,1
DA:15,1
DA:45,5
DA:46,5
DA:47,5
DA:48,5
DA:49,5
DA:50,5
DA:51,5
DA:52,5
DA:53,5
DA:54,5
DA:55,5
DA:56,5
DA:57,5
DA:59,5
DA:60,25
DA:61,5
DA:63,5
DA:64,1
DA:66,5
DA:68,5
DA:69,5
DA:71,5
DA:72,5
DA:74,5
DA:75,5
DA:76,5
DA:77,0
DA:83,5
DA:88,5
DA:89,5
DA:90,0
DA:96,5
DA:101,5
DA:102,5
DA:103,5
DA:104,0
DA:105,0
DA:106,0
DA:108,5
DA:109,0
DA:110,0
DA:111,0
DA:113,5
DA:114,5
DA:115,0
DA:116,0
DA:117,0
DA:119,0
DA:120,0
DA:123,5
DA:124,1
DA:125,1
DA:126,1
DA:128,1
DA:129,6
DA:130,6
DA:131,6
DA:132,0
DA:133,0
DA:135,6
DA:136,6
DA:139,1
DA:141,5
DA:142,0
DA:143,0
DA:144,0
DA:146,5
DA:147,0
DA:148,0
DA:149,0
DA:151,0
DA:153,0
DA:154,0
DA:156,5
DA:179,1
DA:180,1
DA:181,1
DA:182,1
DA:183,1
DA:184,1
DA:185,1
DA:189,1
DA:190,1
DA:191,1
DA:192,1
DA:193,1
DA:194,1
DA:195,1
DA:196,1
DA:197,1
DA:201,1
DA:202,1
DA:203,1
DA:207,1
DA:208,1
DA:209,1
DA:210,1
DA:211,1
DA:212,1
DA:216,1
DA:217,1
DA:221,1
DA:225,1
DA:226,1
DA:231,1
DA:234,1
DA:235,1
DA:236,1
DA:238,7
DA:239,7
DA:252,35
DA:271,35
DA:279,25
DA:290,7
DA:292,14
DA:298,0
DA:299,0
DA:300,0
DA:302,0
DA:317,0
DA:318,0
DA:319,0
DA:321,0
DA:326,1
DA:340,0
DA:345,0
DA:366,35
DA:376,12
DA:382,0
DA:389,60
DA:398,30
DA:419,1
DA:438,1
DA:455,1
DA:456,1
LF:141
LH:106
BRDA:5,0,0,1
BRDA:5,0,1,1
BRDA:5,0,2,1
BRDA:6,1,0,1
BRDA:6,1,1,0
BRDA:6,2,0,1
BRDA:6,2,1,1
BRDA:53,3,0,4
BRDA:53,3,1,1
BRDA:53,4,0,5
BRDA:53,4,1,5
BRDA:54,5,0,4
BRDA:54,5,1,1
BRDA:54,6,0,5
BRDA:54,6,1,5
BRDA:59,7,0,0
BRDA:59,7,1,5
BRDA:59,8,0,5
BRDA:59,8,1,5
BRDA:60,9,0,20
BRDA:60,9,1,5
BRDA:60,10,0,0
BRDA:60,10,1,25
BRDA:60,11,0,25
BRDA:60,11,1,25
BRDA:63,12,0,1
BRDA:63,12,1,4
BRDA:63,13,0,5
BRDA:63,13,1,1
BRDA:69,14,0,5
BRDA:69,14,1,0
BRDA:72,15,0,5
BRDA:72,15,1,0
BRDA:76,16,0,0
BRDA:76,16,1,5
BRDA:89,17,0,0
BRDA:89,17,1,5
BRDA:93,18,0,0
BRDA:93,18,1,0
BRDA:98,19,0,1
BRDA:98,19,1,4
BRDA:116,20,0,0
BRDA:116,20,1,0
BRDA:133,21,0,0
BRDA:133,21,1,0
BRDA:133,22,0,0
BRDA:133,22,1,0
BRDA:135,23,0,6
BRDA:135,23,1,0
BRDA:148,24,0,0
BRDA:148,24,1,0
BRDA:244,25,0,0
BRDA:244,25,1,7
BRDA:248,26,0,2
BRDA:248,26,1,5
BRDA:253,27,0,28
BRDA:253,27,1,7
BRDA:253,28,0,0
BRDA:253,28,1,35
BRDA:253,29,0,35
BRDA:253,29,1,35
BRDA:267,30,0,2
BRDA:267,30,1,5
BRDA:273,31,0,7
BRDA:273,31,1,28
BRDA:273,32,0,0
BRDA:273,32,1,35
BRDA:273,33,0,35
BRDA:273,33,1,35
BRDA:274,34,0,0
BRDA:274,34,1,35
BRDA:274,35,0,35
BRDA:274,35,1,7
BRDA:282,36,0,7
BRDA:282,36,1,28
BRDA:282,37,0,0
BRDA:282,37,1,35
BRDA:282,38,0,35
BRDA:282,38,1,35
BRDA:286,39,0,1
BRDA:286,39,1,6
BRDA:295,40,0,14
BRDA:295,40,1,5
BRDA:302,41,0,0
BRDA:302,41,1,0
BRDA:314,42,0,7
BRDA:314,42,1,5
BRDA:321,43,0,0
BRDA:321,43,1,0
BRDA:335,44,0,7
BRDA:335,44,1,28
BRDA:335,45,0,0
BRDA:335,45,1,35
BRDA:335,46,0,35
BRDA:335,46,1,35
BRDA:338,47,0,0
BRDA:338,47,1,7
BRDA:343,48,0,0
BRDA:343,48,1,7
BRDA:359,49,0,1
BRDA:359,49,1,6
BRDA:362,50,0,2
BRDA:362,50,1,5
BRDA:367,51,0,28
BRDA:367,51,1,7
BRDA:367,52,0,0
BRDA:367,52,1,35
BRDA:367,53,0,35
BRDA:367,53,1,35
BRDA:371,54,0,5
BRDA:371,54,1,2
BRDA:373,55,0,2
BRDA:373,55,1,3
BRDA:378,56,0,6
BRDA:378,56,1,6
BRDA:391,57,0,0
BRDA:391,57,1,60
BRDA:391,58,0,60
BRDA:391,58,1,12
BRDA:395,59,0,0
BRDA:395,59,1,60
BRDA:395,60,0,60
BRDA:395,60,1,60
BRDA:399,61,0,0
BRDA:399,61,1,30
BRDA:399,62,0,30
BRDA:399,62,1,30
BRDA:404,63,0,0
BRDA:404,63,1,12
BRDA:404,64,0,12
BRDA:404,64,1,6
BRF:131
BRH:96
end_of_record
TN:
SF:components\lib\table\src\pop.vue
FN:42,render
FNF:1
FNH:1
FNDA:7,render
DA:4,1
DA:7,1
DA:37,1
DA:38,1
DA:39,1
DA:40,1
DA:41,1
DA:43,7
DA:51,1
DA:52,1
LF:10
LH:10
BRF:0
BRH:0
end_of_record
TN:
SF:components\lib\table\src\assets\images\empty.png
FNF:0
FNH:0
DA:1,1
LF:1
LH:1
BRF:0
BRH:0
end_of_record
TN:
SF:components\lib\table\src\assets\images\loading.png
FNF:0
FNH:0
DA:1,1
LF:1
LH:1
BRF:0
BRH:0
end_of_record
